Mplus VERSION 8.4
MUTHEN & MUTHEN
05/29/2023   9:44 PM

INPUT INSTRUCTIONS


  TITLE: CESD-LCGA2 - unconditional quadratic model - iq@0-4 classes-residuals UNconstrained
  DATA: FILE IS "Z:/mplusautomationtutorial/datfiles/pq_mmse_cesd.dat";
  ANALYSIS:
  type=mixture;
  starts=100 20;
  estimator=MLR;
  VARIABLE:   NAMES ARE   ID
  MMSE_0 MMSE_1 MMSE_2 MMSE_3 MMSE_4 MMSE_5 MMSE_6 MMSE_7 MMSE_8
  CESD_0 CESD_1 CESD_2 CESD_3 CESD_4 CESD_5 CESD_6 CESD_7 CESD_8;
  CLASSES = c(4);

  MISSING ARE .;

  USEVARIABLES ARE CESD_0 CESD_1 CESD_2
      CESD_3 CESD_4 CESD_5
      CESD_6 CESD_7 CESD_8;
  MODEL:
  %overall%
      i s q|
      CESD_0@0 CESD_1@1 CESD_2@2
      CESD_3@3 CESD_4@4 CESD_5@5
      CESD_6@6 CESD_7@7 CESD_8@8;
      CESD_0;
      CESD_1;
      CESD_2;
      CESD_3;
      CESD_4;
      CESD_5;
      CESD_6;
      CESD_7;
      CESD_8;
    i@0;
    s@0;
    q@0;
  %c#1%
    [i s q];
  %c#2%
    [i s q];
  %c#3%
    [i s q];
  %c#4%
    [i s q];

  PLOT:
      Type = PLOT3;
      Series =  CESD_0 (0) CESD_1 (1) CESD_2 (2) CESD_3 (3)
      CESD_4 (4) CESD_5 (5) CESD_6 (6) CESD_7 (7);
  OUTPUT: TECH11 TECH14;



*** WARNING in MODEL command
  All continuous latent variable covariances involving I have been fixed to 0
  because the variance of I is fixed at 0.
*** WARNING in MODEL command
  All continuous latent variable covariances involving S have been fixed to 0
  because the variance of S is fixed at 0.
   2 WARNING(S) FOUND IN THE INPUT INSTRUCTIONS



CESD-LCGA2 - unconditional quadratic model - iq@0-4 classes-residuals UNconstrained

SUMMARY OF ANALYSIS

Number of groups                                                 1
Number of observations                                         500

Number of dependent variables                                    9
Number of independent variables                                  0
Number of continuous latent variables                            3
Number of categorical latent variables                           1

Observed dependent variables

  Continuous
   CESD_0      CESD_1      CESD_2      CESD_3      CESD_4      CESD_5
   CESD_6      CESD_7      CESD_8

Continuous latent variables
   I           S           Q

Categorical latent variables
   C


Estimator                                                      MLR
Information matrix                                        OBSERVED
Optimization Specifications for the Quasi-Newton Algorithm for
Continuous Outcomes
  Maximum number of iterations                                 100
  Convergence criterion                                  0.100D-05
Optimization Specifications for the EM Algorithm
  Maximum number of iterations                                 500
  Convergence criteria
    Loglikelihood change                                 0.100D-06
    Relative loglikelihood change                        0.100D-06
    Derivative                                           0.100D-05
Optimization Specifications for the M step of the EM Algorithm for
Categorical Latent variables
  Number of M step iterations                                    1
  M step convergence criterion                           0.100D-05
  Basis for M step termination                           ITERATION
Optimization Specifications for the M step of the EM Algorithm for
Censored, Binary or Ordered Categorical (Ordinal), Unordered
Categorical (Nominal) and Count Outcomes
  Number of M step iterations                                    1
  M step convergence criterion                           0.100D-05
  Basis for M step termination                           ITERATION
  Maximum value for logit thresholds                            15
  Minimum value for logit thresholds                           -15
  Minimum expected cell size for chi-square              0.100D-01
Maximum number of iterations for H1                           2000
Convergence criterion for H1                             0.100D-03
Optimization algorithm                                         EMA
Random Starts Specifications
  Number of initial stage random starts                        100
  Number of final stage optimizations                           20
  Number of initial stage iterations                            10
  Initial stage convergence criterion                    0.100D+01
  Random starts scale                                    0.500D+01
  Random seed for generating random starts                       0

Input data file(s)
  Z:/mplusautomationtutorial/datfiles/pq_mmse_cesd.dat
Input data format  FREE


SUMMARY OF DATA

     Number of missing data patterns            32
     Number of y missing data patterns          32
     Number of u missing data patterns           0


COVARIANCE COVERAGE OF DATA

Minimum covariance coverage value   0.100


     PROPORTION OF DATA PRESENT FOR Y


           Covariance Coverage
              CESD_0        CESD_1        CESD_2        CESD_3        CESD_4
              ________      ________      ________      ________      ________
 CESD_0         0.988
 CESD_1         0.804         0.816
 CESD_2         0.664         0.654         0.668
 CESD_3         0.508         0.508         0.506         0.512
 CESD_4         0.408         0.406         0.410         0.398         0.412
 CESD_5         0.312         0.312         0.310         0.306         0.304
 CESD_6         0.246         0.244         0.246         0.242         0.242
 CESD_7         0.164         0.164         0.166         0.162         0.164
 CESD_8         0.082         0.082         0.082         0.080         0.082


           Covariance Coverage
              CESD_5        CESD_6        CESD_7        CESD_8
              ________      ________      ________      ________
 CESD_5         0.316
 CESD_6         0.240         0.248
 CESD_7         0.162         0.164         0.166
 CESD_8         0.080         0.082         0.078         0.082

     WARNING:  THE COVARIANCE COVERAGE FALLS BELOW THE SPECIFIED LIMIT.



UNIVARIATE SAMPLE STATISTICS


     UNIVARIATE HIGHER-ORDER MOMENT DESCRIPTIVE STATISTICS

         Variable/         Mean/     Skewness/   Minimum/ % with                Percentiles
        Sample Size      Variance    Kurtosis    Maximum  Min/Max      20%/60%    40%/80%    Median

     CESD_0                7.577       1.378       0.000   21.66%       0.000      3.000      5.000
             494.000      66.532       1.640      42.000    0.20%       7.000     14.000
     CESD_1                8.637       1.659       0.000   15.69%       1.000      4.000      6.000
             408.000      90.481       2.763      51.000    0.25%       7.000     15.000
     CESD_2                9.084       1.350       0.000   10.48%       1.000      5.000      7.000
             334.000      78.550       1.616      45.000    0.30%       9.000     15.000
     CESD_3                7.406       1.899       0.000   16.41%       1.000      3.000      5.000
             256.000      66.765       4.848      52.000    0.39%       7.000     13.000
     CESD_4                8.825       1.536       0.000    6.80%       2.000      4.000      7.000
             206.000      69.474       2.676      43.000    0.49%       9.000     14.000
     CESD_5                8.646       1.475       0.000    6.33%       2.000      5.000      7.000
             158.000      59.722       3.833      49.000    0.63%       9.000     15.000
     CESD_6                9.645       1.206       0.000    4.84%       3.000      6.000      8.000
             124.000      58.326       2.057      43.000    0.81%      10.000     15.000
     CESD_7               10.783       0.932       0.000    1.20%       4.000      7.000      9.000
              83.000      59.953       0.342      36.000    1.20%      11.000     17.000
     CESD_8                9.439       1.170       0.000   14.63%       2.000      5.000      8.000
              41.000      70.685       0.870      33.000    2.44%      10.000     14.000

RANDOM STARTS RESULTS RANKED FROM THE BEST TO THE WORST LOGLIKELIHOOD VALUES

Final stage loglikelihood values at local maxima, seeds, and initial stage start numbers:

           -6963.415  124999           96
           -6963.415  830392           35
           -6963.415  848890           95
           -6963.415  723775           97
           -6963.415  915642           40
           -6963.415  568859           49
           -6963.415  544048           87
           -6963.415  364676           27
           -6963.415  341041           34
           -6963.415  848163           47
           -6963.415  253358           2
           -6963.415  432148           30
           -6963.415  966014           37
           -6963.415  851945           18
           -6963.415  887676           22
           -6963.415  107446           12
           -6963.415  443917           60
           -6966.069  475420           71

2 perturbed starting value run(s) did not converge or were rejected in the third stage.



THE BEST LOGLIKELIHOOD VALUE HAS BEEN REPLICATED.  RERUN WITH AT LEAST TWICE THE
RANDOM STARTS TO CHECK THAT THE BEST LOGLIKELIHOOD IS STILL OBTAINED AND REPLICATED.


THE MODEL ESTIMATION TERMINATED NORMALLY



MODEL FIT INFORMATION

Number of Free Parameters                       24

Loglikelihood

          H0 Value                       -6963.415
          H0 Scaling Correction Factor      1.5371
            for MLR

Information Criteria

          Akaike (AIC)                   13974.830
          Bayesian (BIC)                 14075.981
          Sample-Size Adjusted BIC       13999.803
            (n* = (n + 2) / 24)



FINAL CLASS COUNTS AND PROPORTIONS FOR THE LATENT CLASSES
BASED ON THE ESTIMATED MODEL

    Latent
   Classes

       1         95.06217          0.19012
       2        193.22569          0.38645
       3        195.94567          0.39189
       4         15.76647          0.03153


FINAL CLASS COUNTS AND PROPORTIONS FOR THE LATENT CLASSES
BASED ON ESTIMATED POSTERIOR PROBABILITIES

    Latent
   Classes

       1         95.06217          0.19012
       2        193.22569          0.38645
       3        195.94567          0.39189
       4         15.76647          0.03153


FINAL CLASS COUNTS AND PROPORTIONS FOR THE LATENT CLASSES
BASED ON THEIR MOST LIKELY LATENT CLASS MEMBERSHIP

Class Counts and Proportions

    Latent
   Classes

       1               91          0.18200
       2              193          0.38600
       3              200          0.40000
       4               16          0.03200


CLASSIFICATION QUALITY

     Entropy                         0.657


Classification Probabilities for the Most Likely Latent Class Membership (Column)
by Latent Class (Row)

           1        2        3        4

    1   0.830    0.008    0.147    0.015
    2   0.009    0.768    0.223    0.000
    3   0.047    0.223    0.729    0.000
    4   0.075    0.000    0.001    0.924


Logits for the Classification Probabilities for the Most Likely Latent Class Membership (Column)
by Latent Class (Row)

              1        2        3        4

    1      4.008   -0.589    2.278    0.000
    2      8.318   12.807   11.572    0.000
    3      7.345    8.895   10.078    0.000
    4     -2.504  -11.703   -6.859    0.000


MODEL RESULTS

                                                    Two-Tailed
                    Estimate       S.E.  Est./S.E.    P-Value

Latent Class 1

 I        |
    CESD_0             1.000      0.000    999.000    999.000
    CESD_1             1.000      0.000    999.000    999.000
    CESD_2             1.000      0.000    999.000    999.000
    CESD_3             1.000      0.000    999.000    999.000
    CESD_4             1.000      0.000    999.000    999.000
    CESD_5             1.000      0.000    999.000    999.000
    CESD_6             1.000      0.000    999.000    999.000
    CESD_7             1.000      0.000    999.000    999.000
    CESD_8             1.000      0.000    999.000    999.000

 S        |
    CESD_0             0.000      0.000    999.000    999.000
    CESD_1             1.000      0.000    999.000    999.000
    CESD_2             2.000      0.000    999.000    999.000
    CESD_3             3.000      0.000    999.000    999.000
    CESD_4             4.000      0.000    999.000    999.000
    CESD_5             5.000      0.000    999.000    999.000
    CESD_6             6.000      0.000    999.000    999.000
    CESD_7             7.000      0.000    999.000    999.000
    CESD_8             8.000      0.000    999.000    999.000

 Q        |
    CESD_0             0.000      0.000    999.000    999.000
    CESD_1             1.000      0.000    999.000    999.000
    CESD_2             4.000      0.000    999.000    999.000
    CESD_3             9.000      0.000    999.000    999.000
    CESD_4            16.000      0.000    999.000    999.000
    CESD_5            25.000      0.000    999.000    999.000
    CESD_6            36.000      0.000    999.000    999.000
    CESD_7            49.000      0.000    999.000    999.000
    CESD_8            64.000      0.000    999.000    999.000

 Means
    I                 15.650      1.224     12.783      0.000
    S                  1.790      0.965      1.856      0.063
    Q                 -0.233      0.127     -1.841      0.066

 Intercepts
    CESD_0             0.000      0.000    999.000    999.000
    CESD_1             0.000      0.000    999.000    999.000
    CESD_2             0.000      0.000    999.000    999.000
    CESD_3             0.000      0.000    999.000    999.000
    CESD_4             0.000      0.000    999.000    999.000
    CESD_5             0.000      0.000    999.000    999.000
    CESD_6             0.000      0.000    999.000    999.000
    CESD_7             0.000      0.000    999.000    999.000
    CESD_8             0.000      0.000    999.000    999.000

 Variances
    I                  0.000      0.000    999.000    999.000
    S                  0.000      0.000    999.000    999.000
    Q                  0.000      0.000    999.000    999.000

 Residual Variances
    CESD_0            35.102      4.854      7.232      0.000
    CESD_1            42.447      5.995      7.080      0.000
    CESD_2            33.676      5.393      6.245      0.000
    CESD_3            23.100      3.431      6.734      0.000
    CESD_4            31.066      4.613      6.734      0.000
    CESD_5            25.404      3.452      7.359      0.000
    CESD_6            21.802      5.163      4.223      0.000
    CESD_7            26.132      4.702      5.558      0.000
    CESD_8            26.773      6.421      4.170      0.000

Latent Class 2

 I        |
    CESD_0             1.000      0.000    999.000    999.000
    CESD_1             1.000      0.000    999.000    999.000
    CESD_2             1.000      0.000    999.000    999.000
    CESD_3             1.000      0.000    999.000    999.000
    CESD_4             1.000      0.000    999.000    999.000
    CESD_5             1.000      0.000    999.000    999.000
    CESD_6             1.000      0.000    999.000    999.000
    CESD_7             1.000      0.000    999.000    999.000
    CESD_8             1.000      0.000    999.000    999.000

 S        |
    CESD_0             0.000      0.000    999.000    999.000
    CESD_1             1.000      0.000    999.000    999.000
    CESD_2             2.000      0.000    999.000    999.000
    CESD_3             3.000      0.000    999.000    999.000
    CESD_4             4.000      0.000    999.000    999.000
    CESD_5             5.000      0.000    999.000    999.000
    CESD_6             6.000      0.000    999.000    999.000
    CESD_7             7.000      0.000    999.000    999.000
    CESD_8             8.000      0.000    999.000    999.000

 Q        |
    CESD_0             0.000      0.000    999.000    999.000
    CESD_1             1.000      0.000    999.000    999.000
    CESD_2             4.000      0.000    999.000    999.000
    CESD_3             9.000      0.000    999.000    999.000
    CESD_4            16.000      0.000    999.000    999.000
    CESD_5            25.000      0.000    999.000    999.000
    CESD_6            36.000      0.000    999.000    999.000
    CESD_7            49.000      0.000    999.000    999.000
    CESD_8            64.000      0.000    999.000    999.000

 Means
    I                  3.315      0.278     11.903      0.000
    S                 -0.099      0.196     -0.504      0.614
    Q                  0.053      0.028      1.874      0.061

 Intercepts
    CESD_0             0.000      0.000    999.000    999.000
    CESD_1             0.000      0.000    999.000    999.000
    CESD_2             0.000      0.000    999.000    999.000
    CESD_3             0.000      0.000    999.000    999.000
    CESD_4             0.000      0.000    999.000    999.000
    CESD_5             0.000      0.000    999.000    999.000
    CESD_6             0.000      0.000    999.000    999.000
    CESD_7             0.000      0.000    999.000    999.000
    CESD_8             0.000      0.000    999.000    999.000

 Variances
    I                  0.000      0.000    999.000    999.000
    S                  0.000      0.000    999.000    999.000
    Q                  0.000      0.000    999.000    999.000

 Residual Variances
    CESD_0            35.102      4.854      7.232      0.000
    CESD_1            42.447      5.995      7.080      0.000
    CESD_2            33.676      5.393      6.245      0.000
    CESD_3            23.100      3.431      6.734      0.000
    CESD_4            31.066      4.613      6.734      0.000
    CESD_5            25.404      3.452      7.359      0.000
    CESD_6            21.802      5.163      4.223      0.000
    CESD_7            26.132      4.702      5.558      0.000
    CESD_8            26.773      6.421      4.170      0.000

Latent Class 3

 I        |
    CESD_0             1.000      0.000    999.000    999.000
    CESD_1             1.000      0.000    999.000    999.000
    CESD_2             1.000      0.000    999.000    999.000
    CESD_3             1.000      0.000    999.000    999.000
    CESD_4             1.000      0.000    999.000    999.000
    CESD_5             1.000      0.000    999.000    999.000
    CESD_6             1.000      0.000    999.000    999.000
    CESD_7             1.000      0.000    999.000    999.000
    CESD_8             1.000      0.000    999.000    999.000

 S        |
    CESD_0             0.000      0.000    999.000    999.000
    CESD_1             1.000      0.000    999.000    999.000
    CESD_2             2.000      0.000    999.000    999.000
    CESD_3             3.000      0.000    999.000    999.000
    CESD_4             4.000      0.000    999.000    999.000
    CESD_5             5.000      0.000    999.000    999.000
    CESD_6             6.000      0.000    999.000    999.000
    CESD_7             7.000      0.000    999.000    999.000
    CESD_8             8.000      0.000    999.000    999.000

 Q        |
    CESD_0             0.000      0.000    999.000    999.000
    CESD_1             1.000      0.000    999.000    999.000
    CESD_2             4.000      0.000    999.000    999.000
    CESD_3             9.000      0.000    999.000    999.000
    CESD_4            16.000      0.000    999.000    999.000
    CESD_5            25.000      0.000    999.000    999.000
    CESD_6            36.000      0.000    999.000    999.000
    CESD_7            49.000      0.000    999.000    999.000
    CESD_8            64.000      0.000    999.000    999.000

 Means
    I                  6.863      0.969      7.085      0.000
    S                 -0.362      0.505     -0.717      0.473
    Q                  0.219      0.075      2.914      0.004

 Intercepts
    CESD_0             0.000      0.000    999.000    999.000
    CESD_1             0.000      0.000    999.000    999.000
    CESD_2             0.000      0.000    999.000    999.000
    CESD_3             0.000      0.000    999.000    999.000
    CESD_4             0.000      0.000    999.000    999.000
    CESD_5             0.000      0.000    999.000    999.000
    CESD_6             0.000      0.000    999.000    999.000
    CESD_7             0.000      0.000    999.000    999.000
    CESD_8             0.000      0.000    999.000    999.000

 Variances
    I                  0.000      0.000    999.000    999.000
    S                  0.000      0.000    999.000    999.000
    Q                  0.000      0.000    999.000    999.000

 Residual Variances
    CESD_0            35.102      4.854      7.232      0.000
    CESD_1            42.447      5.995      7.080      0.000
    CESD_2            33.676      5.393      6.245      0.000
    CESD_3            23.100      3.431      6.734      0.000
    CESD_4            31.066      4.613      6.734      0.000
    CESD_5            25.404      3.452      7.359      0.000
    CESD_6            21.802      5.163      4.223      0.000
    CESD_7            26.132      4.702      5.558      0.000
    CESD_8            26.773      6.421      4.170      0.000

Latent Class 4

 I        |
    CESD_0             1.000      0.000    999.000    999.000
    CESD_1             1.000      0.000    999.000    999.000
    CESD_2             1.000      0.000    999.000    999.000
    CESD_3             1.000      0.000    999.000    999.000
    CESD_4             1.000      0.000    999.000    999.000
    CESD_5             1.000      0.000    999.000    999.000
    CESD_6             1.000      0.000    999.000    999.000
    CESD_7             1.000      0.000    999.000    999.000
    CESD_8             1.000      0.000    999.000    999.000

 S        |
    CESD_0             0.000      0.000    999.000    999.000
    CESD_1             1.000      0.000    999.000    999.000
    CESD_2             2.000      0.000    999.000    999.000
    CESD_3             3.000      0.000    999.000    999.000
    CESD_4             4.000      0.000    999.000    999.000
    CESD_5             5.000      0.000    999.000    999.000
    CESD_6             6.000      0.000    999.000    999.000
    CESD_7             7.000      0.000    999.000    999.000
    CESD_8             8.000      0.000    999.000    999.000

 Q        |
    CESD_0             0.000      0.000    999.000    999.000
    CESD_1             1.000      0.000    999.000    999.000
    CESD_2             4.000      0.000    999.000    999.000
    CESD_3             9.000      0.000    999.000    999.000
    CESD_4            16.000      0.000    999.000    999.000
    CESD_5            25.000      0.000    999.000    999.000
    CESD_6            36.000      0.000    999.000    999.000
    CESD_7            49.000      0.000    999.000    999.000
    CESD_8            64.000      0.000    999.000    999.000

 Means
    I                 28.129      1.967     14.301      0.000
    S                  5.361      1.292      4.150      0.000
    Q                 -0.584      0.168     -3.470      0.001

 Intercepts
    CESD_0             0.000      0.000    999.000    999.000
    CESD_1             0.000      0.000    999.000    999.000
    CESD_2             0.000      0.000    999.000    999.000
    CESD_3             0.000      0.000    999.000    999.000
    CESD_4             0.000      0.000    999.000    999.000
    CESD_5             0.000      0.000    999.000    999.000
    CESD_6             0.000      0.000    999.000    999.000
    CESD_7             0.000      0.000    999.000    999.000
    CESD_8             0.000      0.000    999.000    999.000

 Variances
    I                  0.000      0.000    999.000    999.000
    S                  0.000      0.000    999.000    999.000
    Q                  0.000      0.000    999.000    999.000

 Residual Variances
    CESD_0            35.102      4.854      7.232      0.000
    CESD_1            42.447      5.995      7.080      0.000
    CESD_2            33.676      5.393      6.245      0.000
    CESD_3            23.100      3.431      6.734      0.000
    CESD_4            31.066      4.613      6.734      0.000
    CESD_5            25.404      3.452      7.359      0.000
    CESD_6            21.802      5.163      4.223      0.000
    CESD_7            26.132      4.702      5.558      0.000
    CESD_8            26.773      6.421      4.170      0.000

Categorical Latent Variables

 Means
    C#1                1.797      0.312      5.766      0.000
    C#2                2.506      0.306      8.186      0.000
    C#3                2.520      0.309      8.168      0.000


QUALITY OF NUMERICAL RESULTS

     Condition Number for the Information Matrix              0.118E-03
       (ratio of smallest to largest eigenvalue)


TECHNICAL 11 OUTPUT

     Random Starts Specifications for the k-1 Class Analysis Model
        Number of initial stage random starts                 100
        Number of final stage optimizations                    20



     VUONG-LO-MENDELL-RUBIN LIKELIHOOD RATIO TEST FOR 3 (H0) VERSUS 4 CLASSES

          H0 Loglikelihood Value                        -7017.442
          2 Times the Loglikelihood Difference            108.053
          Difference in the Number of Parameters                4
          Mean                                             -3.997
          Standard Deviation                               43.745
          P-Value                                          0.0064

     LO-MENDELL-RUBIN ADJUSTED LRT TEST

          Value                                           103.874
          P-Value                                          0.0075


TECHNICAL 14 OUTPUT

     Random Starts Specifications for the k-1 Class Analysis Model
        Number of initial stage random starts                 100
        Number of final stage optimizations                    20

     Random Starts Specification for the k-1 Class Model for Generated Data
        Number of initial stage random starts                   0
        Number of final stage optimizations for the
           initial stage random starts                          0
     Random Starts Specification for the k Class Model for Generated Data
        Number of initial stage random starts                  40
        Number of final stage optimizations                     8
     Number of bootstrap draws requested                   Varies


     PARAMETRIC BOOTSTRAPPED LIKELIHOOD RATIO TEST FOR 3 (H0) VERSUS 4 CLASSES

          H0 Loglikelihood Value                        -7017.442
          2 Times the Loglikelihood Difference            108.053
          Difference in the Number of Parameters                4
          Approximate P-Value                              0.0000
          Successful Bootstrap Draws                            5

     WARNING:  OF THE 5 BOOTSTRAP DRAWS, 3 DRAWS HAD BOTH A SMALLER LRT VALUE THAN THE
     OBSERVED LRT VALUE AND NOT A REPLICATED BEST LOGLIKELIHOOD VALUE FOR THE 4-CLASS MODEL.
     THIS MEANS THAT THE P-VALUE MAY NOT BE TRUSTWORTHY DUE TO LOCAL MAXIMA.
     INCREASE THE NUMBER OF RANDOM STARTS USING THE LRTSTARTS OPTION.



SAMPLE STATISTICS FOR ESTIMATED FACTOR SCORES


     SAMPLE STATISTICS


           Means
              I             S             Q             C_I           C_S
              ________      ________      ________      ________      ________
                7.833         0.329         0.044         7.773         0.314


           Means
              C_Q
              ________
                0.047


           Covariances
              I             S             Q             C_I           C_S
              ________      ________      ________      ________      ________
 I             27.319
 S              5.565         1.235
 Q             -0.796        -0.182         0.029
 C_I           29.028         5.867        -0.837        32.556
 C_S            5.825         1.305        -0.195         6.361         1.460
 C_Q           -0.823        -0.194         0.031        -0.886        -0.225


           Covariances
              C_Q
              ________
 C_Q            0.039


           Correlations
              I             S             Q             C_I           C_S
              ________      ________      ________      ________      ________
 I              1.000
 S              0.958         1.000
 Q             -0.896        -0.965         1.000
 C_I            0.973         0.925        -0.863         1.000
 C_S            0.922         0.972        -0.948         0.922         1.000
 C_Q           -0.798        -0.883         0.934        -0.787        -0.943


           Correlations
              C_Q
              ________
 C_Q            1.000


PLOT INFORMATION

The following plots are available:

  Histograms (sample values, estimated factor scores, estimated values, residuals)
  Scatterplots (sample values, estimated factor scores, estimated values, residuals)
  Sample means
  Estimated means, medians, modes, and percentiles
  Sample and estimated means
  Latent variable distribution plots
  Observed individual values
  Estimated individual values
  Estimated means and observed individual values
  Estimated means and estimated individual values
  Estimated overall and class-specific distributions

     Beginning Time:  21:44:40
        Ending Time:  21:45:37
       Elapsed Time:  00:00:57



MUTHEN & MUTHEN
3463 Stoner Ave.
Los Angeles, CA  90066

Tel: (310) 391-9971
Fax: (310) 391-8971
Web: www.StatModel.com
Support: Support@StatModel.com

Copyright (c) 1998-2019 Muthen & Muthen
