Mplus VERSION 8.4
MUTHEN & MUTHEN
05/29/2023   9:45 PM

INPUT INSTRUCTIONS


  TITLE: CESD-LCGA2 - unconditional quadratic model - sq@0-1 classes-residuals UNconstrained
  DATA: FILE IS "Z:/mplusautomationtutorial/datfiles/pq_mmse_cesd.dat";
  ANALYSIS:
  type=mixture;
  starts=100 20;
  estimator=MLR;
  VARIABLE:   NAMES ARE   ID
  MMSE_0 MMSE_1 MMSE_2 MMSE_3 MMSE_4 MMSE_5 MMSE_6 MMSE_7 MMSE_8
  CESD_0 CESD_1 CESD_2 CESD_3 CESD_4 CESD_5 CESD_6 CESD_7 CESD_8;
  CLASSES = c(1);

  MISSING ARE .;

  USEVARIABLES ARE CESD_0 CESD_1 CESD_2
      CESD_3 CESD_4 CESD_5
      CESD_6 CESD_7 CESD_8;
  MODEL:
  %overall%
      i s q|
      CESD_0@0 CESD_1@1 CESD_2@2
      CESD_3@3 CESD_4@4 CESD_5@5
      CESD_6@6 CESD_7@7 CESD_8@8;
      CESD_0;
      CESD_1;
      CESD_2;
      CESD_3;
      CESD_4;
      CESD_5;
      CESD_6;
      CESD_7;
      CESD_8;
    i;
    s@0;
    q@0;
  %c#1%
    [i s q];

  PLOT:
      Type = PLOT3;
      Series =  CESD_0 (0) CESD_1 (1) CESD_2 (2) CESD_3 (3)
      CESD_4 (4) CESD_5 (5) CESD_6 (6) CESD_7 (7);
  OUTPUT: TECH11 TECH14;



*** WARNING in MODEL command
  All continuous latent variable covariances involving S have been fixed to 0
  because the variance of S is fixed at 0.
*** WARNING in MODEL command
  All continuous latent variable covariances involving Q have been fixed to 0
  because the variance of Q is fixed at 0.
*** WARNING in OUTPUT command
  TECH11 option is not available for TYPE=MIXTURE with only one class.
  Request for TECH11 is ignored.
*** WARNING in OUTPUT command
  TECH14 option is not available for TYPE=MIXTURE with only one class.
  Request for TECH14 is ignored.
   4 WARNING(S) FOUND IN THE INPUT INSTRUCTIONS



CESD-LCGA2 - unconditional quadratic model - sq@0-1 classes-residuals UNconstrained

SUMMARY OF ANALYSIS

Number of groups                                                 1
Number of observations                                         500

Number of dependent variables                                    9
Number of independent variables                                  0
Number of continuous latent variables                            3
Number of categorical latent variables                           1

Observed dependent variables

  Continuous
   CESD_0      CESD_1      CESD_2      CESD_3      CESD_4      CESD_5
   CESD_6      CESD_7      CESD_8

Continuous latent variables
   I           S           Q

Categorical latent variables
   C


Estimator                                                      MLR
Information matrix                                        OBSERVED
Optimization Specifications for the Quasi-Newton Algorithm for
Continuous Outcomes
  Maximum number of iterations                                 100
  Convergence criterion                                  0.100D-05
Optimization Specifications for the EM Algorithm
  Maximum number of iterations                                 500
  Convergence criteria
    Loglikelihood change                                 0.100D-06
    Relative loglikelihood change                        0.100D-06
    Derivative                                           0.100D-05
Optimization Specifications for the M step of the EM Algorithm for
Categorical Latent variables
  Number of M step iterations                                    1
  M step convergence criterion                           0.100D-05
  Basis for M step termination                           ITERATION
Optimization Specifications for the M step of the EM Algorithm for
Censored, Binary or Ordered Categorical (Ordinal), Unordered
Categorical (Nominal) and Count Outcomes
  Number of M step iterations                                    1
  M step convergence criterion                           0.100D-05
  Basis for M step termination                           ITERATION
  Maximum value for logit thresholds                            15
  Minimum value for logit thresholds                           -15
  Minimum expected cell size for chi-square              0.100D-01
Maximum number of iterations for H1                           2000
Convergence criterion for H1                             0.100D-03
Optimization algorithm                                         EMA
Random Starts Specifications
  Number of initial stage random starts                        100
  Number of final stage optimizations                           20
  Number of initial stage iterations                            10
  Initial stage convergence criterion                    0.100D+01
  Random starts scale                                    0.500D+01
  Random seed for generating random starts                       0

Input data file(s)
  Z:/mplusautomationtutorial/datfiles/pq_mmse_cesd.dat
Input data format  FREE


SUMMARY OF DATA

     Number of missing data patterns            32
     Number of y missing data patterns          32
     Number of u missing data patterns           0


COVARIANCE COVERAGE OF DATA

Minimum covariance coverage value   0.100


     PROPORTION OF DATA PRESENT FOR Y


           Covariance Coverage
              CESD_0        CESD_1        CESD_2        CESD_3        CESD_4
              ________      ________      ________      ________      ________
 CESD_0         0.988
 CESD_1         0.804         0.816
 CESD_2         0.664         0.654         0.668
 CESD_3         0.508         0.508         0.506         0.512
 CESD_4         0.408         0.406         0.410         0.398         0.412
 CESD_5         0.312         0.312         0.310         0.306         0.304
 CESD_6         0.246         0.244         0.246         0.242         0.242
 CESD_7         0.164         0.164         0.166         0.162         0.164
 CESD_8         0.082         0.082         0.082         0.080         0.082


           Covariance Coverage
              CESD_5        CESD_6        CESD_7        CESD_8
              ________      ________      ________      ________
 CESD_5         0.316
 CESD_6         0.240         0.248
 CESD_7         0.162         0.164         0.166
 CESD_8         0.080         0.082         0.078         0.082

     WARNING:  THE COVARIANCE COVERAGE FALLS BELOW THE SPECIFIED LIMIT.



UNIVARIATE SAMPLE STATISTICS


     UNIVARIATE HIGHER-ORDER MOMENT DESCRIPTIVE STATISTICS

         Variable/         Mean/     Skewness/   Minimum/ % with                Percentiles
        Sample Size      Variance    Kurtosis    Maximum  Min/Max      20%/60%    40%/80%    Median

     CESD_0                7.577       1.378       0.000   21.66%       0.000      3.000      5.000
             494.000      66.532       1.640      42.000    0.20%       7.000     14.000
     CESD_1                8.637       1.659       0.000   15.69%       1.000      4.000      6.000
             408.000      90.481       2.763      51.000    0.25%       7.000     15.000
     CESD_2                9.084       1.350       0.000   10.48%       1.000      5.000      7.000
             334.000      78.550       1.616      45.000    0.30%       9.000     15.000
     CESD_3                7.406       1.899       0.000   16.41%       1.000      3.000      5.000
             256.000      66.765       4.848      52.000    0.39%       7.000     13.000
     CESD_4                8.825       1.536       0.000    6.80%       2.000      4.000      7.000
             206.000      69.474       2.676      43.000    0.49%       9.000     14.000
     CESD_5                8.646       1.475       0.000    6.33%       2.000      5.000      7.000
             158.000      59.722       3.833      49.000    0.63%       9.000     15.000
     CESD_6                9.645       1.206       0.000    4.84%       3.000      6.000      8.000
             124.000      58.326       2.057      43.000    0.81%      10.000     15.000
     CESD_7               10.783       0.932       0.000    1.20%       4.000      7.000      9.000
              83.000      59.953       0.342      36.000    1.20%      11.000     17.000
     CESD_8                9.439       1.170       0.000   14.63%       2.000      5.000      8.000
              41.000      70.685       0.870      33.000    2.44%      10.000     14.000

RANDOM STARTS RESULTS RANKED FROM THE BEST TO THE WORST LOGLIKELIHOOD VALUES

Final stage loglikelihood values at local maxima, seeds, and initial stage start numbers:

           -7066.069  650371           14
           -7066.069  967902           52
           -7066.069  259507           53
           -7066.069  253358           2
           -7066.069  915642           40
           -7066.069  76974            16
           -7066.069  789985           67
           -7066.069  436460           89
           -7066.069  366706           29
           -7066.069  246261           38
           -7066.069  645664           39
           -7066.069  570908           98
           -7066.069  637345           19
           -7066.069  268217           83
           -7066.069  481835           57
           -7066.069  471398           74
           -7066.069  784664           75
           -7066.069  195873           6
           -7066.069  544048           87
           -7066.069  unperturbed      0



THE MODEL ESTIMATION TERMINATED NORMALLY



MODEL FIT INFORMATION

Number of Free Parameters                       13

Loglikelihood

          H0 Value                       -7066.069
          H0 Scaling Correction Factor      1.6840
            for MLR

Information Criteria

          Akaike (AIC)                   14158.138
          Bayesian (BIC)                 14212.928
          Sample-Size Adjusted BIC       14171.665
            (n* = (n + 2) / 24)



FINAL CLASS COUNTS AND PROPORTIONS FOR THE LATENT CLASSES
BASED ON THE ESTIMATED MODEL

    Latent
   Classes

       1        500.00000          1.00000


FINAL CLASS COUNTS AND PROPORTIONS FOR THE LATENT CLASSES
BASED ON ESTIMATED POSTERIOR PROBABILITIES

    Latent
   Classes

       1        500.00000          1.00000


FINAL CLASS COUNTS AND PROPORTIONS FOR THE LATENT CLASSES
BASED ON THEIR MOST LIKELY LATENT CLASS MEMBERSHIP

Class Counts and Proportions

    Latent
   Classes

       1              500          1.00000


Classification Probabilities for the Most Likely Latent Class Membership (Column)
by Latent Class (Row)

           1

    1   1.000


Logits for the Classification Probabilities for the Most Likely Latent Class Membership (Column)
by Latent Class (Row)

              1

    1      0.000


MODEL RESULTS

                                                    Two-Tailed
                    Estimate       S.E.  Est./S.E.    P-Value

Latent Class 1

 I        |
    CESD_0             1.000      0.000    999.000    999.000
    CESD_1             1.000      0.000    999.000    999.000
    CESD_2             1.000      0.000    999.000    999.000
    CESD_3             1.000      0.000    999.000    999.000
    CESD_4             1.000      0.000    999.000    999.000
    CESD_5             1.000      0.000    999.000    999.000
    CESD_6             1.000      0.000    999.000    999.000
    CESD_7             1.000      0.000    999.000    999.000
    CESD_8             1.000      0.000    999.000    999.000

 S        |
    CESD_0             0.000      0.000    999.000    999.000
    CESD_1             1.000      0.000    999.000    999.000
    CESD_2             2.000      0.000    999.000    999.000
    CESD_3             3.000      0.000    999.000    999.000
    CESD_4             4.000      0.000    999.000    999.000
    CESD_5             5.000      0.000    999.000    999.000
    CESD_6             6.000      0.000    999.000    999.000
    CESD_7             7.000      0.000    999.000    999.000
    CESD_8             8.000      0.000    999.000    999.000

 Q        |
    CESD_0             0.000      0.000    999.000    999.000
    CESD_1             1.000      0.000    999.000    999.000
    CESD_2             4.000      0.000    999.000    999.000
    CESD_3             9.000      0.000    999.000    999.000
    CESD_4            16.000      0.000    999.000    999.000
    CESD_5            25.000      0.000    999.000    999.000
    CESD_6            36.000      0.000    999.000    999.000
    CESD_7            49.000      0.000    999.000    999.000
    CESD_8            64.000      0.000    999.000    999.000

 Means
    I                  7.865      0.369     21.288      0.000
    S                  0.267      0.225      1.188      0.235
    Q                  0.055      0.033      1.697      0.090

 Intercepts
    CESD_0             0.000      0.000    999.000    999.000
    CESD_1             0.000      0.000    999.000    999.000
    CESD_2             0.000      0.000    999.000    999.000
    CESD_3             0.000      0.000    999.000    999.000
    CESD_4             0.000      0.000    999.000    999.000
    CESD_5             0.000      0.000    999.000    999.000
    CESD_6             0.000      0.000    999.000    999.000
    CESD_7             0.000      0.000    999.000    999.000
    CESD_8             0.000      0.000    999.000    999.000

 Variances
    I                 41.426      4.933      8.397      0.000
    S                  0.000      0.000    999.000    999.000
    Q                  0.000      0.000    999.000    999.000

 Residual Variances
    CESD_0            35.225      3.857      9.133      0.000
    CESD_1            40.935      5.491      7.455      0.000
    CESD_2            33.593      4.335      7.750      0.000
    CESD_3            28.041      4.325      6.483      0.000
    CESD_4            29.620      5.227      5.667      0.000
    CESD_5            24.142      3.593      6.719      0.000
    CESD_6            22.031      4.185      5.264      0.000
    CESD_7            30.177      6.782      4.449      0.000
    CESD_8            38.647     11.390      3.393      0.001


QUALITY OF NUMERICAL RESULTS

     Condition Number for the Information Matrix              0.270E-03
       (ratio of smallest to largest eigenvalue)


SAMPLE STATISTICS FOR ESTIMATED FACTOR SCORES


     SAMPLE STATISTICS


           Means
              I             S             Q             C_I           C_S
              ________      ________      ________      ________      ________
                7.865         0.267         0.055         7.865         0.267


           Means
              C_Q
              ________
                0.055


           Covariances
              I             S             Q             C_I           C_S
              ________      ________      ________      ________      ________
 I             32.180
 S              0.000         0.000
 Q              0.000         0.000         0.000
 C_I           32.180         0.000         0.000        32.180
 C_S            0.000         0.000         0.000         0.000         0.000
 C_Q            0.000         0.000         0.000         0.000         0.000


           Covariances
              C_Q
              ________
 C_Q            0.000


           Correlations
              I             S             Q             C_I           C_S
              ________      ________      ________      ________      ________
 I              1.000
 S            999.000         1.000
 Q            999.000       999.000         1.000
 C_I            1.000       999.000       999.000         1.000
 C_S          999.000       999.000       999.000       999.000         1.000
 C_Q          999.000       999.000       999.000       999.000       999.000


           Correlations
              C_Q
              ________
 C_Q            1.000


PLOT INFORMATION

The following plots are available:

  Histograms (sample values, estimated factor scores, estimated values, residuals)
  Scatterplots (sample values, estimated factor scores, estimated values, residuals)
  Sample means
  Estimated means, medians, modes, and percentiles
  Sample and estimated means
  Latent variable distribution plots
  Observed individual values
  Estimated individual values
  Estimated means and observed individual values
  Estimated means and estimated individual values
  Estimated overall and class-specific distributions

     Beginning Time:  21:45:42
        Ending Time:  21:45:46
       Elapsed Time:  00:00:04



MUTHEN & MUTHEN
3463 Stoner Ave.
Los Angeles, CA  90066

Tel: (310) 391-9971
Fax: (310) 391-8971
Web: www.StatModel.com
Support: Support@StatModel.com

Copyright (c) 1998-2019 Muthen & Muthen
