Mplus VERSION 8.4
MUTHEN & MUTHEN
05/29/2023   9:48 PM

INPUT INSTRUCTIONS


  TITLE: MMSE-LCGA2 - unconditional quadratic model - iq@0-2 classes-residuals UNconstrained
  DATA: FILE IS "Z:/mplusautomationtutorial/datfiles/pq_mmse_cesd.dat";
  ANALYSIS:
  type=mixture;
  starts=100 20;
  estimator=MLR;
  VARIABLE:   NAMES ARE   ID
  MMSE_0 MMSE_1 MMSE_2 MMSE_3 MMSE_4 MMSE_5 MMSE_6 MMSE_7 MMSE_8
  CESD_0 CESD_1 CESD_2 CESD_3 CESD_4 CESD_5 CESD_6 CESD_7 CESD_8;
  CLASSES = c(2);

  MISSING ARE .;

  USEVARIABLES ARE MMSE_0 MMSE_1 MMSE_2
      MMSE_3 MMSE_4 MMSE_5
      MMSE_6 MMSE_7 MMSE_8;
  MODEL:
  %overall%
      i s q|
      MMSE_0@0 MMSE_1@1 MMSE_2@2
      MMSE_3@3 MMSE_4@4 MMSE_5@5
      MMSE_6@6 MMSE_7@7 MMSE_8@8;
      MMSE_0;
      MMSE_1;
      MMSE_2;
      MMSE_3;
      MMSE_4;
      MMSE_5;
      MMSE_6;
      MMSE_7;
      MMSE_8;
    i@0;
    s@0;
    q@0;
  %c#1%
    [i s q];
  %c#2%
    [i s q];

  PLOT:
      Type = PLOT3;
      Series =  MMSE_0 (0) MMSE_1 (1) MMSE_2 (2) MMSE_3 (3)
      MMSE_4 (4) MMSE_5 (5) MMSE_6 (6) MMSE_7 (7);
  OUTPUT: TECH11 TECH14;



*** WARNING in MODEL command
  All continuous latent variable covariances involving I have been fixed to 0
  because the variance of I is fixed at 0.
*** WARNING in MODEL command
  All continuous latent variable covariances involving S have been fixed to 0
  because the variance of S is fixed at 0.
   2 WARNING(S) FOUND IN THE INPUT INSTRUCTIONS



MMSE-LCGA2 - unconditional quadratic model - iq@0-2 classes-residuals UNconstrained

SUMMARY OF ANALYSIS

Number of groups                                                 1
Number of observations                                         500

Number of dependent variables                                    9
Number of independent variables                                  0
Number of continuous latent variables                            3
Number of categorical latent variables                           1

Observed dependent variables

  Continuous
   MMSE_0      MMSE_1      MMSE_2      MMSE_3      MMSE_4      MMSE_5
   MMSE_6      MMSE_7      MMSE_8

Continuous latent variables
   I           S           Q

Categorical latent variables
   C


Estimator                                                      MLR
Information matrix                                        OBSERVED
Optimization Specifications for the Quasi-Newton Algorithm for
Continuous Outcomes
  Maximum number of iterations                                 100
  Convergence criterion                                  0.100D-05
Optimization Specifications for the EM Algorithm
  Maximum number of iterations                                 500
  Convergence criteria
    Loglikelihood change                                 0.100D-06
    Relative loglikelihood change                        0.100D-06
    Derivative                                           0.100D-05
Optimization Specifications for the M step of the EM Algorithm for
Categorical Latent variables
  Number of M step iterations                                    1
  M step convergence criterion                           0.100D-05
  Basis for M step termination                           ITERATION
Optimization Specifications for the M step of the EM Algorithm for
Censored, Binary or Ordered Categorical (Ordinal), Unordered
Categorical (Nominal) and Count Outcomes
  Number of M step iterations                                    1
  M step convergence criterion                           0.100D-05
  Basis for M step termination                           ITERATION
  Maximum value for logit thresholds                            15
  Minimum value for logit thresholds                           -15
  Minimum expected cell size for chi-square              0.100D-01
Maximum number of iterations for H1                           2000
Convergence criterion for H1                             0.100D-03
Optimization algorithm                                         EMA
Random Starts Specifications
  Number of initial stage random starts                        100
  Number of final stage optimizations                           20
  Number of initial stage iterations                            10
  Initial stage convergence criterion                    0.100D+01
  Random starts scale                                    0.500D+01
  Random seed for generating random starts                       0

Input data file(s)
  Z:/mplusautomationtutorial/datfiles/pq_mmse_cesd.dat
Input data format  FREE


SUMMARY OF DATA

     Number of missing data patterns            18
     Number of y missing data patterns          18
     Number of u missing data patterns           0


COVARIANCE COVERAGE OF DATA

Minimum covariance coverage value   0.100


     PROPORTION OF DATA PRESENT FOR Y


           Covariance Coverage
              MMSE_0        MMSE_1        MMSE_2        MMSE_3        MMSE_4
              ________      ________      ________      ________      ________
 MMSE_0         0.992
 MMSE_1         0.830         0.834
 MMSE_2         0.684         0.678         0.690
 MMSE_3         0.564         0.560         0.568         0.568
 MMSE_4         0.446         0.442         0.448         0.446         0.448
 MMSE_5         0.338         0.338         0.340         0.340         0.332
 MMSE_6         0.262         0.262         0.264         0.264         0.256
 MMSE_7         0.188         0.190         0.190         0.190         0.190
 MMSE_8         0.102         0.102         0.102         0.102         0.102


           Covariance Coverage
              MMSE_5        MMSE_6        MMSE_7        MMSE_8
              ________      ________      ________      ________
 MMSE_5         0.340
 MMSE_6         0.264         0.264
 MMSE_7         0.190         0.190         0.190
 MMSE_8         0.102         0.102         0.102         0.102



UNIVARIATE SAMPLE STATISTICS


     UNIVARIATE HIGHER-ORDER MOMENT DESCRIPTIVE STATISTICS

         Variable/         Mean/     Skewness/   Minimum/ % with                Percentiles
        Sample Size      Variance    Kurtosis    Maximum  Min/Max      20%/60%    40%/80%    Median

     MMSE_0               26.972      -1.162      17.000    0.20%      25.000     27.000     28.000
             496.000       6.737       1.090      30.000   12.90%      28.000     29.000
     MMSE_1               26.513      -2.956       0.000    0.48%      24.000     27.000     28.000
             417.000      13.080      14.686      30.000   10.07%      28.000     29.000
     MMSE_2               26.070      -2.505       0.000    0.58%      24.000     27.000     28.000
             345.000      19.195       8.704      30.000   11.59%      28.000     29.000
     MMSE_3               25.775      -2.532       0.000    0.35%      24.000     27.000     28.000
             284.000      25.132       7.528      30.000   10.56%      28.000     29.000
     MMSE_4               25.268      -2.515       0.000    1.79%      23.000     26.000     27.000
             224.000      33.928       6.858      30.000    9.82%      28.000     29.000
     MMSE_5               25.365      -2.130       1.000    0.59%      23.000     27.000     27.000
             170.000      25.502       5.224      30.000   10.59%      28.000     29.000
     MMSE_6               24.470      -2.355       0.000    3.03%      23.000     26.000     27.000
             132.000      46.340       5.086      30.000    4.55%      27.000     29.000
     MMSE_7               25.158      -1.955       4.000    1.05%      22.000     26.000     27.000
              95.000      21.312       4.845      30.000    6.32%      27.000     28.000
     MMSE_8               23.667      -1.575       5.000    3.92%      20.000     24.000     26.000
              51.000      38.418       2.128      30.000    5.88%      27.000     29.000

RANDOM STARTS RESULTS RANKED FROM THE BEST TO THE WORST LOGLIKELIHOOD VALUES

Final stage loglikelihood values at local maxima, seeds, and initial stage start numbers:

           -5799.196  347515           24
           -5799.196  551639           55
           -5799.196  848890           95
           -5799.196  569833           85
           -5799.196  318230           46
           -5799.196  903420           5
           -5799.196  846194           93
           -5799.196  85462            51
           -5799.196  341041           34
           -5799.196  246261           38
           -5799.196  124999           96
           -5799.196  314084           81
           -5799.196  170954           86
           -5799.196  467339           66
           -5799.196  761633           50
           -5799.196  939021           8
           -5799.196  136842           58
           -5799.196  247224           94
           -5799.196  462953           7
           -5799.196  364676           27



THE BEST LOGLIKELIHOOD VALUE HAS BEEN REPLICATED.  RERUN WITH AT LEAST TWICE THE
RANDOM STARTS TO CHECK THAT THE BEST LOGLIKELIHOOD IS STILL OBTAINED AND REPLICATED.


THE MODEL ESTIMATION TERMINATED NORMALLY



MODEL FIT INFORMATION

Number of Free Parameters                       16

Loglikelihood

          H0 Value                       -5799.196
          H0 Scaling Correction Factor      3.6299
            for MLR

Information Criteria

          Akaike (AIC)                   11630.391
          Bayesian (BIC)                 11697.825
          Sample-Size Adjusted BIC       11647.040
            (n* = (n + 2) / 24)



FINAL CLASS COUNTS AND PROPORTIONS FOR THE LATENT CLASSES
BASED ON THE ESTIMATED MODEL

    Latent
   Classes

       1        395.96420          0.79193
       2        104.03580          0.20807


FINAL CLASS COUNTS AND PROPORTIONS FOR THE LATENT CLASSES
BASED ON ESTIMATED POSTERIOR PROBABILITIES

    Latent
   Classes

       1        395.96420          0.79193
       2        104.03580          0.20807


FINAL CLASS COUNTS AND PROPORTIONS FOR THE LATENT CLASSES
BASED ON THEIR MOST LIKELY LATENT CLASS MEMBERSHIP

Class Counts and Proportions

    Latent
   Classes

       1              399          0.79800
       2              101          0.20200


CLASSIFICATION QUALITY

     Entropy                         0.873


Classification Probabilities for the Most Likely Latent Class Membership (Column)
by Latent Class (Row)

           1        2

    1   0.980    0.020
    2   0.105    0.895


Logits for the Classification Probabilities for the Most Likely Latent Class Membership (Column)
by Latent Class (Row)

              1        2

    1      3.898    0.000
    2     -2.144    0.000


MODEL RESULTS

                                                    Two-Tailed
                    Estimate       S.E.  Est./S.E.    P-Value

Latent Class 1

 I        |
    MMSE_0             1.000      0.000    999.000    999.000
    MMSE_1             1.000      0.000    999.000    999.000
    MMSE_2             1.000      0.000    999.000    999.000
    MMSE_3             1.000      0.000    999.000    999.000
    MMSE_4             1.000      0.000    999.000    999.000
    MMSE_5             1.000      0.000    999.000    999.000
    MMSE_6             1.000      0.000    999.000    999.000
    MMSE_7             1.000      0.000    999.000    999.000
    MMSE_8             1.000      0.000    999.000    999.000

 S        |
    MMSE_0             0.000      0.000    999.000    999.000
    MMSE_1             1.000      0.000    999.000    999.000
    MMSE_2             2.000      0.000    999.000    999.000
    MMSE_3             3.000      0.000    999.000    999.000
    MMSE_4             4.000      0.000    999.000    999.000
    MMSE_5             5.000      0.000    999.000    999.000
    MMSE_6             6.000      0.000    999.000    999.000
    MMSE_7             7.000      0.000    999.000    999.000
    MMSE_8             8.000      0.000    999.000    999.000

 Q        |
    MMSE_0             0.000      0.000    999.000    999.000
    MMSE_1             1.000      0.000    999.000    999.000
    MMSE_2             4.000      0.000    999.000    999.000
    MMSE_3             9.000      0.000    999.000    999.000
    MMSE_4            16.000      0.000    999.000    999.000
    MMSE_5            25.000      0.000    999.000    999.000
    MMSE_6            36.000      0.000    999.000    999.000
    MMSE_7            49.000      0.000    999.000    999.000
    MMSE_8            64.000      0.000    999.000    999.000

 Means
    I                 27.795      0.119    233.515      0.000
    S                 -0.026      0.073     -0.363      0.717
    Q                 -0.053      0.014     -3.793      0.000

 Intercepts
    MMSE_0             0.000      0.000    999.000    999.000
    MMSE_1             0.000      0.000    999.000    999.000
    MMSE_2             0.000      0.000    999.000    999.000
    MMSE_3             0.000      0.000    999.000    999.000
    MMSE_4             0.000      0.000    999.000    999.000
    MMSE_5             0.000      0.000    999.000    999.000
    MMSE_6             0.000      0.000    999.000    999.000
    MMSE_7             0.000      0.000    999.000    999.000
    MMSE_8             0.000      0.000    999.000    999.000

 Variances
    I                  0.000      0.000    999.000    999.000
    S                  0.000      0.000    999.000    999.000
    Q                  0.000      0.000    999.000    999.000

 Residual Variances
    MMSE_0             4.063      0.386     10.521      0.000
    MMSE_1             7.434      1.870      3.975      0.000
    MMSE_2             9.166      1.743      5.260      0.000
    MMSE_3            10.878      1.869      5.819      0.000
    MMSE_4            14.262      2.209      6.455      0.000
    MMSE_5            13.688      2.288      5.983      0.000
    MMSE_6            19.320      4.514      4.280      0.000
    MMSE_7            23.595      6.196      3.808      0.000
    MMSE_8            38.685     11.480      3.370      0.001

Latent Class 2

 I        |
    MMSE_0             1.000      0.000    999.000    999.000
    MMSE_1             1.000      0.000    999.000    999.000
    MMSE_2             1.000      0.000    999.000    999.000
    MMSE_3             1.000      0.000    999.000    999.000
    MMSE_4             1.000      0.000    999.000    999.000
    MMSE_5             1.000      0.000    999.000    999.000
    MMSE_6             1.000      0.000    999.000    999.000
    MMSE_7             1.000      0.000    999.000    999.000
    MMSE_8             1.000      0.000    999.000    999.000

 S        |
    MMSE_0             0.000      0.000    999.000    999.000
    MMSE_1             1.000      0.000    999.000    999.000
    MMSE_2             2.000      0.000    999.000    999.000
    MMSE_3             3.000      0.000    999.000    999.000
    MMSE_4             4.000      0.000    999.000    999.000
    MMSE_5             5.000      0.000    999.000    999.000
    MMSE_6             6.000      0.000    999.000    999.000
    MMSE_7             7.000      0.000    999.000    999.000
    MMSE_8             8.000      0.000    999.000    999.000

 Q        |
    MMSE_0             0.000      0.000    999.000    999.000
    MMSE_1             1.000      0.000    999.000    999.000
    MMSE_2             4.000      0.000    999.000    999.000
    MMSE_3             9.000      0.000    999.000    999.000
    MMSE_4            16.000      0.000    999.000    999.000
    MMSE_5            25.000      0.000    999.000    999.000
    MMSE_6            36.000      0.000    999.000    999.000
    MMSE_7            49.000      0.000    999.000    999.000
    MMSE_8            64.000      0.000    999.000    999.000

 Means
    I                 23.799      0.307     77.577      0.000
    S                 -2.118      0.715     -2.964      0.003
    Q                 -0.119      0.149     -0.794      0.427

 Intercepts
    MMSE_0             0.000      0.000    999.000    999.000
    MMSE_1             0.000      0.000    999.000    999.000
    MMSE_2             0.000      0.000    999.000    999.000
    MMSE_3             0.000      0.000    999.000    999.000
    MMSE_4             0.000      0.000    999.000    999.000
    MMSE_5             0.000      0.000    999.000    999.000
    MMSE_6             0.000      0.000    999.000    999.000
    MMSE_7             0.000      0.000    999.000    999.000
    MMSE_8             0.000      0.000    999.000    999.000

 Variances
    I                  0.000      0.000    999.000    999.000
    S                  0.000      0.000    999.000    999.000
    Q                  0.000      0.000    999.000    999.000

 Residual Variances
    MMSE_0             4.063      0.386     10.521      0.000
    MMSE_1             7.434      1.870      3.975      0.000
    MMSE_2             9.166      1.743      5.260      0.000
    MMSE_3            10.878      1.869      5.819      0.000
    MMSE_4            14.262      2.209      6.455      0.000
    MMSE_5            13.688      2.288      5.983      0.000
    MMSE_6            19.320      4.514      4.280      0.000
    MMSE_7            23.595      6.196      3.808      0.000
    MMSE_8            38.685     11.480      3.370      0.001

Categorical Latent Variables

 Means
    C#1                1.337      0.145      9.249      0.000


QUALITY OF NUMERICAL RESULTS

     Condition Number for the Information Matrix              0.714E-04
       (ratio of smallest to largest eigenvalue)


TECHNICAL 11 OUTPUT

     Random Starts Specifications for the k-1 Class Analysis Model
        Number of initial stage random starts                 100
        Number of final stage optimizations                    20



     VUONG-LO-MENDELL-RUBIN LIKELIHOOD RATIO TEST FOR 1 (H0) VERSUS 2 CLASSES

          H0 Loglikelihood Value                        -6281.234
          2 Times the Loglikelihood Difference            964.078
          Difference in the Number of Parameters                4
          Mean                                            155.606
          Standard Deviation                              246.295
          P-Value                                          0.0112

     LO-MENDELL-RUBIN ADJUSTED LRT TEST

          Value                                           926.795
          P-Value                                          0.0131


TECHNICAL 14 OUTPUT

     Random Starts Specifications for the k-1 Class Analysis Model
        Number of initial stage random starts                 100
        Number of final stage optimizations                    20

     Random Starts Specification for the k-1 Class Model for Generated Data
        Number of initial stage random starts                   0
        Number of final stage optimizations for the
           initial stage random starts                          0
     Random Starts Specification for the k Class Model for Generated Data
        Number of initial stage random starts                  40
        Number of final stage optimizations                     8
     Number of bootstrap draws requested                   Varies


     PARAMETRIC BOOTSTRAPPED LIKELIHOOD RATIO TEST FOR 1 (H0) VERSUS 2 CLASSES

          H0 Loglikelihood Value                        -6281.234
          2 Times the Loglikelihood Difference            964.078
          Difference in the Number of Parameters                4
          Approximate P-Value                              0.0000
          Successful Bootstrap Draws                            5


SAMPLE STATISTICS FOR ESTIMATED FACTOR SCORES


     SAMPLE STATISTICS


           Means
              I             S             Q             C_I           C_S
              ________      ________      ________      ________      ________
               26.963        -0.462        -0.067        26.988        -0.449


           Means
              C_Q
              ________
               -0.066


           Covariances
              I             S             Q             C_I           C_S
              ________      ________      ________      ________      ________
 I              2.202
 S              1.152         0.603
 Q              0.036         0.019         0.001
 C_I            2.303         1.205         0.038         2.574
 C_S            1.205         0.631         0.020         1.347         0.705
 C_Q            0.038         0.020         0.001         0.042         0.022


           Covariances
              C_Q
              ________
 C_Q            0.001


           Correlations
              I             S             Q             C_I           C_S
              ________      ________      ________      ________      ________
 I              1.000
 S              1.000         1.000
 Q              1.000         1.000         1.000
 C_I            0.967         0.967         0.967         1.000
 C_S            0.967         0.967         0.967         1.000         1.000
 C_Q            0.967         0.967         0.967         1.000         1.000


           Correlations
              C_Q
              ________
 C_Q            1.000


PLOT INFORMATION

The following plots are available:

  Histograms (sample values, estimated factor scores, estimated values, residuals)
  Scatterplots (sample values, estimated factor scores, estimated values, residuals)
  Sample means
  Estimated means, medians, modes, and percentiles
  Sample and estimated means
  Latent variable distribution plots
  Observed individual values
  Estimated individual values
  Estimated means and observed individual values
  Estimated means and estimated individual values
  Estimated overall and class-specific distributions

     Beginning Time:  21:48:07
        Ending Time:  21:48:21
       Elapsed Time:  00:00:14



MUTHEN & MUTHEN
3463 Stoner Ave.
Los Angeles, CA  90066

Tel: (310) 391-9971
Fax: (310) 391-8971
Web: www.StatModel.com
Support: Support@StatModel.com

Copyright (c) 1998-2019 Muthen & Muthen
