Mplus VERSION 8.4
MUTHEN & MUTHEN
05/29/2023   9:52 PM

INPUT INSTRUCTIONS


  TITLE: CESD-GMM_3 - unconditional quadratic model - c. i-2 classes-residuals UNconstrained
  DATA: FILE IS "Z:/mplusautomationtutorial/datfiles/pq_mmse_cesd.dat";
  ANALYSIS:
  type=mixture;
  starts=100 20;
  estimator=MLR;
  VARIABLE:   NAMES ARE   ID
  MMSE_0 MMSE_1 MMSE_2 MMSE_3 MMSE_4 MMSE_5 MMSE_6 MMSE_7 MMSE_8
  CESD_0 CESD_1 CESD_2 CESD_3 CESD_4 CESD_5 CESD_6 CESD_7 CESD_8;
  CLASSES = c(2);

  MISSING ARE .;

  USEVARIABLES ARE CESD_0 CESD_1 CESD_2
      CESD_3 CESD_4 CESD_5
      CESD_6 CESD_7 CESD_8;
  MODEL:
  %overall%
      i s q|
      CESD_0@0 CESD_1@1 CESD_2@2
      CESD_3@3 CESD_4@4 CESD_5@5
      CESD_6@6 CESD_7@7 CESD_8@8;
      CESD_0;
      CESD_1;
      CESD_2;
      CESD_3;
      CESD_4;
      CESD_5;
      CESD_6;
      CESD_7;
      CESD_8;
    i;
    s;
    q@0;
  %c#1%
    [i s q];
    i;
    ;
  %c#2%
    [i s q];
    i;
    ;

  PLOT:
      Type = PLOT3;
      Series =  CESD_0 (0) CESD_1 (1) CESD_2 (2) CESD_3 (3)
      CESD_4 (4) CESD_5 (5) CESD_6 (6) CESD_7 (7);
  OUTPUT: TECH11 TECH14;



*** WARNING in MODEL command
  All continuous latent variable covariances involving Q have been fixed to 0
  because the variance of Q is fixed at 0.
   1 WARNING(S) FOUND IN THE INPUT INSTRUCTIONS



CESD-GMM_3 - unconditional quadratic model - c. i-2 classes-residuals UNconstrained

SUMMARY OF ANALYSIS

Number of groups                                                 1
Number of observations                                         500

Number of dependent variables                                    9
Number of independent variables                                  0
Number of continuous latent variables                            3
Number of categorical latent variables                           1

Observed dependent variables

  Continuous
   CESD_0      CESD_1      CESD_2      CESD_3      CESD_4      CESD_5
   CESD_6      CESD_7      CESD_8

Continuous latent variables
   I           S           Q

Categorical latent variables
   C


Estimator                                                      MLR
Information matrix                                        OBSERVED
Optimization Specifications for the Quasi-Newton Algorithm for
Continuous Outcomes
  Maximum number of iterations                                 100
  Convergence criterion                                  0.100D-05
Optimization Specifications for the EM Algorithm
  Maximum number of iterations                                 500
  Convergence criteria
    Loglikelihood change                                 0.100D-06
    Relative loglikelihood change                        0.100D-06
    Derivative                                           0.100D-05
Optimization Specifications for the M step of the EM Algorithm for
Categorical Latent variables
  Number of M step iterations                                    1
  M step convergence criterion                           0.100D-05
  Basis for M step termination                           ITERATION
Optimization Specifications for the M step of the EM Algorithm for
Censored, Binary or Ordered Categorical (Ordinal), Unordered
Categorical (Nominal) and Count Outcomes
  Number of M step iterations                                    1
  M step convergence criterion                           0.100D-05
  Basis for M step termination                           ITERATION
  Maximum value for logit thresholds                            15
  Minimum value for logit thresholds                           -15
  Minimum expected cell size for chi-square              0.100D-01
Maximum number of iterations for H1                           2000
Convergence criterion for H1                             0.100D-03
Optimization algorithm                                         EMA
Random Starts Specifications
  Number of initial stage random starts                        100
  Number of final stage optimizations                           20
  Number of initial stage iterations                            10
  Initial stage convergence criterion                    0.100D+01
  Random starts scale                                    0.500D+01
  Random seed for generating random starts                       0

Input data file(s)
  Z:/mplusautomationtutorial/datfiles/pq_mmse_cesd.dat
Input data format  FREE


SUMMARY OF DATA

     Number of missing data patterns            32
     Number of y missing data patterns          32
     Number of u missing data patterns           0


COVARIANCE COVERAGE OF DATA

Minimum covariance coverage value   0.100


     PROPORTION OF DATA PRESENT FOR Y


           Covariance Coverage
              CESD_0        CESD_1        CESD_2        CESD_3        CESD_4
              ________      ________      ________      ________      ________
 CESD_0         0.988
 CESD_1         0.804         0.816
 CESD_2         0.664         0.654         0.668
 CESD_3         0.508         0.508         0.506         0.512
 CESD_4         0.408         0.406         0.410         0.398         0.412
 CESD_5         0.312         0.312         0.310         0.306         0.304
 CESD_6         0.246         0.244         0.246         0.242         0.242
 CESD_7         0.164         0.164         0.166         0.162         0.164
 CESD_8         0.082         0.082         0.082         0.080         0.082


           Covariance Coverage
              CESD_5        CESD_6        CESD_7        CESD_8
              ________      ________      ________      ________
 CESD_5         0.316
 CESD_6         0.240         0.248
 CESD_7         0.162         0.164         0.166
 CESD_8         0.080         0.082         0.078         0.082

     WARNING:  THE COVARIANCE COVERAGE FALLS BELOW THE SPECIFIED LIMIT.



UNIVARIATE SAMPLE STATISTICS


     UNIVARIATE HIGHER-ORDER MOMENT DESCRIPTIVE STATISTICS

         Variable/         Mean/     Skewness/   Minimum/ % with                Percentiles
        Sample Size      Variance    Kurtosis    Maximum  Min/Max      20%/60%    40%/80%    Median

     CESD_0                7.577       1.378       0.000   21.66%       0.000      3.000      5.000
             494.000      66.532       1.640      42.000    0.20%       7.000     14.000
     CESD_1                8.637       1.659       0.000   15.69%       1.000      4.000      6.000
             408.000      90.481       2.763      51.000    0.25%       7.000     15.000
     CESD_2                9.084       1.350       0.000   10.48%       1.000      5.000      7.000
             334.000      78.550       1.616      45.000    0.30%       9.000     15.000
     CESD_3                7.406       1.899       0.000   16.41%       1.000      3.000      5.000
             256.000      66.765       4.848      52.000    0.39%       7.000     13.000
     CESD_4                8.825       1.536       0.000    6.80%       2.000      4.000      7.000
             206.000      69.474       2.676      43.000    0.49%       9.000     14.000
     CESD_5                8.646       1.475       0.000    6.33%       2.000      5.000      7.000
             158.000      59.722       3.833      49.000    0.63%       9.000     15.000
     CESD_6                9.645       1.206       0.000    4.84%       3.000      6.000      8.000
             124.000      58.326       2.057      43.000    0.81%      10.000     15.000
     CESD_7               10.783       0.932       0.000    1.20%       4.000      7.000      9.000
              83.000      59.953       0.342      36.000    1.20%      11.000     17.000
     CESD_8                9.439       1.170       0.000   14.63%       2.000      5.000      8.000
              41.000      70.685       0.870      33.000    2.44%      10.000     14.000

RANDOM STARTS RESULTS RANKED FROM THE BEST TO THE WORST LOGLIKELIHOOD VALUES

3 perturbed starting value run(s) did not converge in the initial stage
optimizations.

Final stage loglikelihood values at local maxima, seeds, and initial stage start numbers:

           -6963.304  354559           73
           -6963.304  887676           22
           -6963.304  227563           63
           -6963.304  124999           96
           -6963.304  813779           92
           -6963.304  533738           11
           -6963.304  76337            76
           -6963.304  364676           27
           -6963.304  195873           6
           -6963.304  462953           7
           -6963.304  370466           41
           -6963.304  626891           32

8 perturbed starting value run(s) did not converge or were rejected in the third stage.



THE BEST LOGLIKELIHOOD VALUE HAS BEEN REPLICATED.  RERUN WITH AT LEAST TWICE THE
RANDOM STARTS TO CHECK THAT THE BEST LOGLIKELIHOOD IS STILL OBTAINED AND REPLICATED.


THE MODEL ESTIMATION TERMINATED NORMALLY

     WARNING:  THE LATENT VARIABLE COVARIANCE MATRIX (PSI) IN CLASS 1
     IS NOT POSITIVE DEFINITE.  THIS COULD INDICATE A NEGATIVE VARIANCE/
     RESIDUAL VARIANCE FOR A LATENT VARIABLE, A CORRELATION GREATER OR EQUAL
     TO ONE BETWEEN TWO LATENT VARIABLES, OR A LINEAR DEPENDENCY AMONG MORE
     THAN TWO LATENT VARIABLES.  CHECK THE TECH4 OUTPUT FOR MORE INFORMATION.
     PROBLEM INVOLVING VARIABLE I.




MODEL FIT INFORMATION

Number of Free Parameters                       20

Loglikelihood

          H0 Value                       -6963.304
          H0 Scaling Correction Factor      1.5602
            for MLR

Information Criteria

          Akaike (AIC)                   13966.609
          Bayesian (BIC)                 14050.901
          Sample-Size Adjusted BIC       13987.420
            (n* = (n + 2) / 24)



FINAL CLASS COUNTS AND PROPORTIONS FOR THE LATENT CLASSES
BASED ON THE ESTIMATED MODEL

    Latent
   Classes

       1        326.46867          0.65294
       2        173.53133          0.34706


FINAL CLASS COUNTS AND PROPORTIONS FOR THE LATENT CLASSES
BASED ON ESTIMATED POSTERIOR PROBABILITIES

    Latent
   Classes

       1        326.46867          0.65294
       2        173.53133          0.34706


FINAL CLASS COUNTS AND PROPORTIONS FOR THE LATENT CLASSES
BASED ON THEIR MOST LIKELY LATENT CLASS MEMBERSHIP

Class Counts and Proportions

    Latent
   Classes

       1              354          0.70800
       2              146          0.29200


CLASSIFICATION QUALITY

     Entropy                         0.600


Classification Probabilities for the Most Likely Latent Class Membership (Column)
by Latent Class (Row)

           1        2

    1   0.960    0.040
    2   0.234    0.766


Logits for the Classification Probabilities for the Most Likely Latent Class Membership (Column)
by Latent Class (Row)

              1        2

    1      3.182    0.000
    2     -1.188    0.000


MODEL RESULTS

                                                    Two-Tailed
                    Estimate       S.E.  Est./S.E.    P-Value

Latent Class 1

 I        |
    CESD_0             1.000      0.000    999.000    999.000
    CESD_1             1.000      0.000    999.000    999.000
    CESD_2             1.000      0.000    999.000    999.000
    CESD_3             1.000      0.000    999.000    999.000
    CESD_4             1.000      0.000    999.000    999.000
    CESD_5             1.000      0.000    999.000    999.000
    CESD_6             1.000      0.000    999.000    999.000
    CESD_7             1.000      0.000    999.000    999.000
    CESD_8             1.000      0.000    999.000    999.000

 S        |
    CESD_0             0.000      0.000    999.000    999.000
    CESD_1             1.000      0.000    999.000    999.000
    CESD_2             2.000      0.000    999.000    999.000
    CESD_3             3.000      0.000    999.000    999.000
    CESD_4             4.000      0.000    999.000    999.000
    CESD_5             5.000      0.000    999.000    999.000
    CESD_6             6.000      0.000    999.000    999.000
    CESD_7             7.000      0.000    999.000    999.000
    CESD_8             8.000      0.000    999.000    999.000

 Q        |
    CESD_0             0.000      0.000    999.000    999.000
    CESD_1             1.000      0.000    999.000    999.000
    CESD_2             4.000      0.000    999.000    999.000
    CESD_3             9.000      0.000    999.000    999.000
    CESD_4            16.000      0.000    999.000    999.000
    CESD_5            25.000      0.000    999.000    999.000
    CESD_6            36.000      0.000    999.000    999.000
    CESD_7            49.000      0.000    999.000    999.000
    CESD_8            64.000      0.000    999.000    999.000

 S        WITH
    I                  1.387      0.413      3.362      0.001

 Means
    I                  4.010      0.587      6.829      0.000
    S                  0.045      0.332      0.135      0.892
    Q                  0.135      0.045      3.018      0.003

 Intercepts
    CESD_0             0.000      0.000    999.000    999.000
    CESD_1             0.000      0.000    999.000    999.000
    CESD_2             0.000      0.000    999.000    999.000
    CESD_3             0.000      0.000    999.000    999.000
    CESD_4             0.000      0.000    999.000    999.000
    CESD_5             0.000      0.000    999.000    999.000
    CESD_6             0.000      0.000    999.000    999.000
    CESD_7             0.000      0.000    999.000    999.000
    CESD_8             0.000      0.000    999.000    999.000

 Variances
    I                 -4.874      1.742     -2.797      0.005
    S                  0.389      0.164      2.364      0.018
    Q                  0.000      0.000    999.000    999.000

 Residual Variances
    CESD_0            32.549      5.980      5.442      0.000
    CESD_1            35.507      5.492      6.465      0.000
    CESD_2            34.456      5.520      6.242      0.000
    CESD_3            27.563      4.461      6.179      0.000
    CESD_4            28.059      5.145      5.454      0.000
    CESD_5            22.218      3.385      6.564      0.000
    CESD_6            18.534      4.304      4.306      0.000
    CESD_7            24.205      5.961      4.060      0.000
    CESD_8            27.574      8.502      3.243      0.001

Latent Class 2

 I        |
    CESD_0             1.000      0.000    999.000    999.000
    CESD_1             1.000      0.000    999.000    999.000
    CESD_2             1.000      0.000    999.000    999.000
    CESD_3             1.000      0.000    999.000    999.000
    CESD_4             1.000      0.000    999.000    999.000
    CESD_5             1.000      0.000    999.000    999.000
    CESD_6             1.000      0.000    999.000    999.000
    CESD_7             1.000      0.000    999.000    999.000
    CESD_8             1.000      0.000    999.000    999.000

 S        |
    CESD_0             0.000      0.000    999.000    999.000
    CESD_1             1.000      0.000    999.000    999.000
    CESD_2             2.000      0.000    999.000    999.000
    CESD_3             3.000      0.000    999.000    999.000
    CESD_4             4.000      0.000    999.000    999.000
    CESD_5             5.000      0.000    999.000    999.000
    CESD_6             6.000      0.000    999.000    999.000
    CESD_7             7.000      0.000    999.000    999.000
    CESD_8             8.000      0.000    999.000    999.000

 Q        |
    CESD_0             0.000      0.000    999.000    999.000
    CESD_1             1.000      0.000    999.000    999.000
    CESD_2             4.000      0.000    999.000    999.000
    CESD_3             9.000      0.000    999.000    999.000
    CESD_4            16.000      0.000    999.000    999.000
    CESD_5            25.000      0.000    999.000    999.000
    CESD_6            36.000      0.000    999.000    999.000
    CESD_7            49.000      0.000    999.000    999.000
    CESD_8            64.000      0.000    999.000    999.000

 S        WITH
    I                  1.387      0.413      3.362      0.001

 Means
    I                 15.039      0.983     15.293      0.000
    S                  0.686      0.879      0.781      0.435
    Q                 -0.082      0.138     -0.595      0.552

 Intercepts
    CESD_0             0.000      0.000    999.000    999.000
    CESD_1             0.000      0.000    999.000    999.000
    CESD_2             0.000      0.000    999.000    999.000
    CESD_3             0.000      0.000    999.000    999.000
    CESD_4             0.000      0.000    999.000    999.000
    CESD_5             0.000      0.000    999.000    999.000
    CESD_6             0.000      0.000    999.000    999.000
    CESD_7             0.000      0.000    999.000    999.000
    CESD_8             0.000      0.000    999.000    999.000

 Variances
    I                 41.774      7.712      5.417      0.000
    S                  0.389      0.164      2.364      0.018
    Q                  0.000      0.000    999.000    999.000

 Residual Variances
    CESD_0            32.549      5.980      5.442      0.000
    CESD_1            35.507      5.492      6.465      0.000
    CESD_2            34.456      5.520      6.242      0.000
    CESD_3            27.563      4.461      6.179      0.000
    CESD_4            28.059      5.145      5.454      0.000
    CESD_5            22.218      3.385      6.564      0.000
    CESD_6            18.534      4.304      4.306      0.000
    CESD_7            24.205      5.961      4.060      0.000
    CESD_8            27.574      8.502      3.243      0.001

Categorical Latent Variables

 Means
    C#1                0.632      0.216      2.930      0.003


QUALITY OF NUMERICAL RESULTS

     Condition Number for the Information Matrix              0.239E-03
       (ratio of smallest to largest eigenvalue)


TECHNICAL 11 OUTPUT

     Random Starts Specifications for the k-1 Class Analysis Model
        Number of initial stage random starts                 100
        Number of final stage optimizations                    20



     VUONG-LO-MENDELL-RUBIN LIKELIHOOD RATIO TEST FOR 1 (H0) VERSUS 2 CLASSES

          H0 Loglikelihood Value                        -7058.489
          2 Times the Loglikelihood Difference            190.368
          Difference in the Number of Parameters                5
          Mean                                             19.120
          Standard Deviation                               30.701
          P-Value                                          0.0015

     LO-MENDELL-RUBIN ADJUSTED LRT TEST

          Value                                           184.433
          P-Value                                          0.0018


TECHNICAL 14 OUTPUT

     Random Starts Specifications for the k-1 Class Analysis Model
        Number of initial stage random starts                 100
        Number of final stage optimizations                    20

     Random Starts Specification for the k-1 Class Model for Generated Data
        Number of initial stage random starts                   0
        Number of final stage optimizations for the
           initial stage random starts                          0
     Random Starts Specification for the k Class Model for Generated Data
        Number of initial stage random starts                  40
        Number of final stage optimizations                     8
     Number of bootstrap draws requested                   Varies


     PARAMETRIC BOOTSTRAPPED LIKELIHOOD RATIO TEST FOR 1 (H0) VERSUS 2 CLASSES

          H0 Loglikelihood Value                        -7058.489
          2 Times the Loglikelihood Difference            190.368
          Difference in the Number of Parameters                5
          Approximate P-Value                              0.0000
          Successful Bootstrap Draws                            5

     WARNING:  OF THE 5 BOOTSTRAP DRAWS, 3 DRAWS HAD BOTH A SMALLER LRT VALUE THAN THE
     OBSERVED LRT VALUE AND NOT A REPLICATED BEST LOGLIKELIHOOD VALUE FOR THE 2-CLASS MODEL.
     THIS MEANS THAT THE P-VALUE MAY NOT BE TRUSTWORTHY DUE TO LOCAL MAXIMA.
     INCREASE THE NUMBER OF RANDOM STARTS USING THE LRTSTARTS OPTION.



SAMPLE STATISTICS FOR ESTIMATED FACTOR SCORES


     SAMPLE STATISTICS


           Means
              I             S             Q             C_I           C_S
              ________      ________      ________      ________      ________
                7.838         0.268         0.060         7.683         0.242


           Means
              C_Q
              ________
                0.072


           Covariances
              I             S             Q             C_I           C_S
              ________      ________      ________      ________      ________
 I             35.095
 S              1.900         0.357
 Q             -0.430        -0.031         0.007
 C_I           36.836         1.884        -0.459        40.460
 C_S            1.928         0.370        -0.031         1.848         0.389
 C_Q           -0.492        -0.033         0.008        -0.564        -0.031


           Covariances
              C_Q
              ________
 C_Q            0.010


           Correlations
              I             S             Q             C_I           C_S
              ________      ________      ________      ________      ________
 I              1.000
 S              0.537         1.000
 Q             -0.881        -0.630         1.000
 C_I            0.978         0.496        -0.875         1.000
 C_S            0.522         0.993        -0.604         0.466         1.000
 C_Q           -0.842        -0.555         0.953        -0.898        -0.507


           Correlations
              C_Q
              ________
 C_Q            1.000


PLOT INFORMATION

The following plots are available:

  Histograms (sample values, estimated factor scores, estimated values, residuals)
  Scatterplots (sample values, estimated factor scores, estimated values, residuals)
  Sample means
  Estimated means, medians, modes, and percentiles
  Sample and estimated means
  Latent variable distribution plots
  Observed individual values
  Estimated individual values
  Estimated means and observed individual values
  Estimated means and estimated individual values
  Estimated overall and class-specific distributions

     Beginning Time:  21:52:37
        Ending Time:  21:53:03
       Elapsed Time:  00:00:26



MUTHEN & MUTHEN
3463 Stoner Ave.
Los Angeles, CA  90066

Tel: (310) 391-9971
Fax: (310) 391-8971
Web: www.StatModel.com
Support: Support@StatModel.com

Copyright (c) 1998-2019 Muthen & Muthen
