Mplus VERSION 8.4
MUTHEN & MUTHEN
05/29/2023   9:54 PM

INPUT INSTRUCTIONS


  TITLE: MMSE-GMM_3 - unconditional quadratic model -  q@0-2 classes-residuals UNconstrained
  DATA: FILE IS "Z:/mplusautomationtutorial/datfiles/pq_mmse_cesd.dat";
  ANALYSIS:
  type=mixture;
  starts=100 20;
  estimator=MLR;
  VARIABLE:   NAMES ARE   ID
  MMSE_0 MMSE_1 MMSE_2 MMSE_3 MMSE_4 MMSE_5 MMSE_6 MMSE_7 MMSE_8
  CESD_0 CESD_1 CESD_2 CESD_3 CESD_4 CESD_5 CESD_6 CESD_7 CESD_8;
  CLASSES = c(2);

  MISSING ARE .;

  USEVARIABLES ARE MMSE_0 MMSE_1 MMSE_2
      MMSE_3 MMSE_4 MMSE_5
      MMSE_6 MMSE_7 MMSE_8;
  MODEL:
  %overall%
      i s q|
      MMSE_0@0 MMSE_1@1 MMSE_2@2
      MMSE_3@3 MMSE_4@4 MMSE_5@5
      MMSE_6@6 MMSE_7@7 MMSE_8@8;
      MMSE_0;
      MMSE_1;
      MMSE_2;
      MMSE_3;
      MMSE_4;
      MMSE_5;
      MMSE_6;
      MMSE_7;
      MMSE_8;
    i;
    s;
    q@0;
  %c#1%
    [i s q];
    ;
    ;
  %c#2%
    [i s q];
    ;
    ;

  PLOT:
      Type = PLOT3;
      Series =  MMSE_0 (0) MMSE_1 (1) MMSE_2 (2) MMSE_3 (3)
      MMSE_4 (4) MMSE_5 (5) MMSE_6 (6) MMSE_7 (7);
  OUTPUT: TECH11 TECH14;



*** WARNING in MODEL command
  All continuous latent variable covariances involving Q have been fixed to 0
  because the variance of Q is fixed at 0.
   1 WARNING(S) FOUND IN THE INPUT INSTRUCTIONS



MMSE-GMM_3 - unconditional quadratic model -  q@0-2 classes-residuals UNconstrained

SUMMARY OF ANALYSIS

Number of groups                                                 1
Number of observations                                         500

Number of dependent variables                                    9
Number of independent variables                                  0
Number of continuous latent variables                            3
Number of categorical latent variables                           1

Observed dependent variables

  Continuous
   MMSE_0      MMSE_1      MMSE_2      MMSE_3      MMSE_4      MMSE_5
   MMSE_6      MMSE_7      MMSE_8

Continuous latent variables
   I           S           Q

Categorical latent variables
   C


Estimator                                                      MLR
Information matrix                                        OBSERVED
Optimization Specifications for the Quasi-Newton Algorithm for
Continuous Outcomes
  Maximum number of iterations                                 100
  Convergence criterion                                  0.100D-05
Optimization Specifications for the EM Algorithm
  Maximum number of iterations                                 500
  Convergence criteria
    Loglikelihood change                                 0.100D-06
    Relative loglikelihood change                        0.100D-06
    Derivative                                           0.100D-05
Optimization Specifications for the M step of the EM Algorithm for
Categorical Latent variables
  Number of M step iterations                                    1
  M step convergence criterion                           0.100D-05
  Basis for M step termination                           ITERATION
Optimization Specifications for the M step of the EM Algorithm for
Censored, Binary or Ordered Categorical (Ordinal), Unordered
Categorical (Nominal) and Count Outcomes
  Number of M step iterations                                    1
  M step convergence criterion                           0.100D-05
  Basis for M step termination                           ITERATION
  Maximum value for logit thresholds                            15
  Minimum value for logit thresholds                           -15
  Minimum expected cell size for chi-square              0.100D-01
Maximum number of iterations for H1                           2000
Convergence criterion for H1                             0.100D-03
Optimization algorithm                                         EMA
Random Starts Specifications
  Number of initial stage random starts                        100
  Number of final stage optimizations                           20
  Number of initial stage iterations                            10
  Initial stage convergence criterion                    0.100D+01
  Random starts scale                                    0.500D+01
  Random seed for generating random starts                       0

Input data file(s)
  Z:/mplusautomationtutorial/datfiles/pq_mmse_cesd.dat
Input data format  FREE


SUMMARY OF DATA

     Number of missing data patterns            18
     Number of y missing data patterns          18
     Number of u missing data patterns           0


COVARIANCE COVERAGE OF DATA

Minimum covariance coverage value   0.100


     PROPORTION OF DATA PRESENT FOR Y


           Covariance Coverage
              MMSE_0        MMSE_1        MMSE_2        MMSE_3        MMSE_4
              ________      ________      ________      ________      ________
 MMSE_0         0.992
 MMSE_1         0.830         0.834
 MMSE_2         0.684         0.678         0.690
 MMSE_3         0.564         0.560         0.568         0.568
 MMSE_4         0.446         0.442         0.448         0.446         0.448
 MMSE_5         0.338         0.338         0.340         0.340         0.332
 MMSE_6         0.262         0.262         0.264         0.264         0.256
 MMSE_7         0.188         0.190         0.190         0.190         0.190
 MMSE_8         0.102         0.102         0.102         0.102         0.102


           Covariance Coverage
              MMSE_5        MMSE_6        MMSE_7        MMSE_8
              ________      ________      ________      ________
 MMSE_5         0.340
 MMSE_6         0.264         0.264
 MMSE_7         0.190         0.190         0.190
 MMSE_8         0.102         0.102         0.102         0.102



UNIVARIATE SAMPLE STATISTICS


     UNIVARIATE HIGHER-ORDER MOMENT DESCRIPTIVE STATISTICS

         Variable/         Mean/     Skewness/   Minimum/ % with                Percentiles
        Sample Size      Variance    Kurtosis    Maximum  Min/Max      20%/60%    40%/80%    Median

     MMSE_0               26.972      -1.162      17.000    0.20%      25.000     27.000     28.000
             496.000       6.737       1.090      30.000   12.90%      28.000     29.000
     MMSE_1               26.513      -2.956       0.000    0.48%      24.000     27.000     28.000
             417.000      13.080      14.686      30.000   10.07%      28.000     29.000
     MMSE_2               26.070      -2.505       0.000    0.58%      24.000     27.000     28.000
             345.000      19.195       8.704      30.000   11.59%      28.000     29.000
     MMSE_3               25.775      -2.532       0.000    0.35%      24.000     27.000     28.000
             284.000      25.132       7.528      30.000   10.56%      28.000     29.000
     MMSE_4               25.268      -2.515       0.000    1.79%      23.000     26.000     27.000
             224.000      33.928       6.858      30.000    9.82%      28.000     29.000
     MMSE_5               25.365      -2.130       1.000    0.59%      23.000     27.000     27.000
             170.000      25.502       5.224      30.000   10.59%      28.000     29.000
     MMSE_6               24.470      -2.355       0.000    3.03%      23.000     26.000     27.000
             132.000      46.340       5.086      30.000    4.55%      27.000     29.000
     MMSE_7               25.158      -1.955       4.000    1.05%      22.000     26.000     27.000
              95.000      21.312       4.845      30.000    6.32%      27.000     28.000
     MMSE_8               23.667      -1.575       5.000    3.92%      20.000     24.000     26.000
              51.000      38.418       2.128      30.000    5.88%      27.000     29.000

RANDOM STARTS RESULTS RANKED FROM THE BEST TO THE WORST LOGLIKELIHOOD VALUES

Final stage loglikelihood values at local maxima, seeds, and initial stage start numbers:

           -5432.434  848890           95
           -5432.434  76974            16
           -5432.434  749453           33
           -5432.434  392418           28
           -5432.434  783110           72
           -5432.434  207896           25
           -5432.434  68985            17
           -5432.434  318230           46
           -5432.434  551639           55
           -5432.434  246261           38
           -5432.434  569833           85
           -5432.434  170954           86
           -5433.002  789985           67
           -5433.002  475420           71
           -5433.002  987090           70
           -5433.002  902278           21
           -5433.002  570908           98
           -5433.002  372176           23
           -5433.002  963053           43
           -5433.002  569131           26



THE BEST LOGLIKELIHOOD VALUE HAS BEEN REPLICATED.  RERUN WITH AT LEAST TWICE THE
RANDOM STARTS TO CHECK THAT THE BEST LOGLIKELIHOOD IS STILL OBTAINED AND REPLICATED.


THE MODEL ESTIMATION TERMINATED NORMALLY



MODEL FIT INFORMATION

Number of Free Parameters                       19

Loglikelihood

          H0 Value                       -5432.434
          H0 Scaling Correction Factor      3.5968
            for MLR

Information Criteria

          Akaike (AIC)                   10902.869
          Bayesian (BIC)                 10982.946
          Sample-Size Adjusted BIC       10922.639
            (n* = (n + 2) / 24)



FINAL CLASS COUNTS AND PROPORTIONS FOR THE LATENT CLASSES
BASED ON THE ESTIMATED MODEL

    Latent
   Classes

       1         63.39422          0.12679
       2        436.60578          0.87321


FINAL CLASS COUNTS AND PROPORTIONS FOR THE LATENT CLASSES
BASED ON ESTIMATED POSTERIOR PROBABILITIES

    Latent
   Classes

       1         63.39422          0.12679
       2        436.60578          0.87321


FINAL CLASS COUNTS AND PROPORTIONS FOR THE LATENT CLASSES
BASED ON THEIR MOST LIKELY LATENT CLASS MEMBERSHIP

Class Counts and Proportions

    Latent
   Classes

       1               58          0.11600
       2              442          0.88400


CLASSIFICATION QUALITY

     Entropy                         0.867


Classification Probabilities for the Most Likely Latent Class Membership (Column)
by Latent Class (Row)

           1        2

    1   0.814    0.186
    2   0.015    0.985


Logits for the Classification Probabilities for the Most Likely Latent Class Membership (Column)
by Latent Class (Row)

              1        2

    1      1.478    0.000
    2     -4.212    0.000


MODEL RESULTS

                                                    Two-Tailed
                    Estimate       S.E.  Est./S.E.    P-Value

Latent Class 1

 I        |
    MMSE_0             1.000      0.000    999.000    999.000
    MMSE_1             1.000      0.000    999.000    999.000
    MMSE_2             1.000      0.000    999.000    999.000
    MMSE_3             1.000      0.000    999.000    999.000
    MMSE_4             1.000      0.000    999.000    999.000
    MMSE_5             1.000      0.000    999.000    999.000
    MMSE_6             1.000      0.000    999.000    999.000
    MMSE_7             1.000      0.000    999.000    999.000
    MMSE_8             1.000      0.000    999.000    999.000

 S        |
    MMSE_0             0.000      0.000    999.000    999.000
    MMSE_1             1.000      0.000    999.000    999.000
    MMSE_2             2.000      0.000    999.000    999.000
    MMSE_3             3.000      0.000    999.000    999.000
    MMSE_4             4.000      0.000    999.000    999.000
    MMSE_5             5.000      0.000    999.000    999.000
    MMSE_6             6.000      0.000    999.000    999.000
    MMSE_7             7.000      0.000    999.000    999.000
    MMSE_8             8.000      0.000    999.000    999.000

 Q        |
    MMSE_0             0.000      0.000    999.000    999.000
    MMSE_1             1.000      0.000    999.000    999.000
    MMSE_2             4.000      0.000    999.000    999.000
    MMSE_3             9.000      0.000    999.000    999.000
    MMSE_4            16.000      0.000    999.000    999.000
    MMSE_5            25.000      0.000    999.000    999.000
    MMSE_6            36.000      0.000    999.000    999.000
    MMSE_7            49.000      0.000    999.000    999.000
    MMSE_8            64.000      0.000    999.000    999.000

 S        WITH
    I                  0.407      0.238      1.713      0.087

 Means
    I                 23.860      0.455     52.476      0.000
    S                 -2.050      0.814     -2.517      0.012
    Q                 -0.987      0.128     -7.721      0.000

 Intercepts
    MMSE_0             0.000      0.000    999.000    999.000
    MMSE_1             0.000      0.000    999.000    999.000
    MMSE_2             0.000      0.000    999.000    999.000
    MMSE_3             0.000      0.000    999.000    999.000
    MMSE_4             0.000      0.000    999.000    999.000
    MMSE_5             0.000      0.000    999.000    999.000
    MMSE_6             0.000      0.000    999.000    999.000
    MMSE_7             0.000      0.000    999.000    999.000
    MMSE_8             0.000      0.000    999.000    999.000

 Variances
    I                  2.965      0.505      5.873      0.000
    S                  0.978      0.290      3.376      0.001
    Q                  0.000      0.000    999.000    999.000

 Residual Variances
    MMSE_0             2.669      0.557      4.790      0.000
    MMSE_1             3.954      1.228      3.219      0.001
    MMSE_2             3.050      0.636      4.799      0.000
    MMSE_3             3.103      0.485      6.396      0.000
    MMSE_4             3.095      0.719      4.304      0.000
    MMSE_5             3.027      0.912      3.318      0.001
    MMSE_6            10.577      4.809      2.200      0.028
    MMSE_7             9.639      4.727      2.039      0.041
    MMSE_8            31.868     10.920      2.918      0.004

Latent Class 2

 I        |
    MMSE_0             1.000      0.000    999.000    999.000
    MMSE_1             1.000      0.000    999.000    999.000
    MMSE_2             1.000      0.000    999.000    999.000
    MMSE_3             1.000      0.000    999.000    999.000
    MMSE_4             1.000      0.000    999.000    999.000
    MMSE_5             1.000      0.000    999.000    999.000
    MMSE_6             1.000      0.000    999.000    999.000
    MMSE_7             1.000      0.000    999.000    999.000
    MMSE_8             1.000      0.000    999.000    999.000

 S        |
    MMSE_0             0.000      0.000    999.000    999.000
    MMSE_1             1.000      0.000    999.000    999.000
    MMSE_2             2.000      0.000    999.000    999.000
    MMSE_3             3.000      0.000    999.000    999.000
    MMSE_4             4.000      0.000    999.000    999.000
    MMSE_5             5.000      0.000    999.000    999.000
    MMSE_6             6.000      0.000    999.000    999.000
    MMSE_7             7.000      0.000    999.000    999.000
    MMSE_8             8.000      0.000    999.000    999.000

 Q        |
    MMSE_0             0.000      0.000    999.000    999.000
    MMSE_1             1.000      0.000    999.000    999.000
    MMSE_2             4.000      0.000    999.000    999.000
    MMSE_3             9.000      0.000    999.000    999.000
    MMSE_4            16.000      0.000    999.000    999.000
    MMSE_5            25.000      0.000    999.000    999.000
    MMSE_6            36.000      0.000    999.000    999.000
    MMSE_7            49.000      0.000    999.000    999.000
    MMSE_8            64.000      0.000    999.000    999.000

 S        WITH
    I                  0.407      0.238      1.713      0.087

 Means
    I                 27.387      0.127    216.366      0.000
    S                 -0.020      0.073     -0.273      0.785
    Q                 -0.109      0.015     -7.340      0.000

 Intercepts
    MMSE_0             0.000      0.000    999.000    999.000
    MMSE_1             0.000      0.000    999.000    999.000
    MMSE_2             0.000      0.000    999.000    999.000
    MMSE_3             0.000      0.000    999.000    999.000
    MMSE_4             0.000      0.000    999.000    999.000
    MMSE_5             0.000      0.000    999.000    999.000
    MMSE_6             0.000      0.000    999.000    999.000
    MMSE_7             0.000      0.000    999.000    999.000
    MMSE_8             0.000      0.000    999.000    999.000

 Variances
    I                  2.965      0.505      5.873      0.000
    S                  0.978      0.290      3.376      0.001
    Q                  0.000      0.000    999.000    999.000

 Residual Variances
    MMSE_0             2.669      0.557      4.790      0.000
    MMSE_1             3.954      1.228      3.219      0.001
    MMSE_2             3.050      0.636      4.799      0.000
    MMSE_3             3.103      0.485      6.396      0.000
    MMSE_4             3.095      0.719      4.304      0.000
    MMSE_5             3.027      0.912      3.318      0.001
    MMSE_6            10.577      4.809      2.200      0.028
    MMSE_7             9.639      4.727      2.039      0.041
    MMSE_8            31.868     10.920      2.918      0.004

Categorical Latent Variables

 Means
    C#1               -1.930      0.178    -10.825      0.000


QUALITY OF NUMERICAL RESULTS

     Condition Number for the Information Matrix              0.313E-03
       (ratio of smallest to largest eigenvalue)


TECHNICAL 11 OUTPUT

     Random Starts Specifications for the k-1 Class Analysis Model
        Number of initial stage random starts                 100
        Number of final stage optimizations                    20



     VUONG-LO-MENDELL-RUBIN LIKELIHOOD RATIO TEST FOR 1 (H0) VERSUS 2 CLASSES

          H0 Loglikelihood Value                        -5582.021
          2 Times the Loglikelihood Difference            299.173
          Difference in the Number of Parameters                4
          Mean                                            176.374
          Standard Deviation                              232.109
          P-Value                                          0.2084

     LO-MENDELL-RUBIN ADJUSTED LRT TEST

          Value                                           287.604
          P-Value                                          0.2202


TECHNICAL 14 OUTPUT

     Random Starts Specifications for the k-1 Class Analysis Model
        Number of initial stage random starts                 100
        Number of final stage optimizations                    20

     Random Starts Specification for the k-1 Class Model for Generated Data
        Number of initial stage random starts                   0
        Number of final stage optimizations for the
           initial stage random starts                          0
     Random Starts Specification for the k Class Model for Generated Data
        Number of initial stage random starts                  40
        Number of final stage optimizations                     8
     Number of bootstrap draws requested                   Varies


     PARAMETRIC BOOTSTRAPPED LIKELIHOOD RATIO TEST FOR 1 (H0) VERSUS 2 CLASSES

          H0 Loglikelihood Value                        -5582.021
          2 Times the Loglikelihood Difference            299.173
          Difference in the Number of Parameters                4
          Approximate P-Value                              0.0000
          Successful Bootstrap Draws                            5


SAMPLE STATISTICS FOR ESTIMATED FACTOR SCORES


     SAMPLE STATISTICS


           Means
              I             S             Q             C_I           C_S
              ________      ________      ________      ________      ________
               26.940        -0.277        -0.220        26.955        -0.257


           Means
              C_Q
              ________
               -0.211


           Covariances
              I             S             Q             C_I           C_S
              ________      ________      ________      ________      ________
 I              3.311
 S              1.298         0.971
 Q              0.319         0.175         0.064
 C_I            3.320         1.303         0.322         3.342
 C_S            1.309         0.982         0.176         1.328         1.012
 C_Q            0.327         0.179         0.068         0.338         0.187


           Covariances
              C_Q
              ________
 C_Q            0.079


           Correlations
              I             S             Q             C_I           C_S
              ________      ________      ________      ________      ________
 I              1.000
 S              0.724         1.000
 Q              0.691         0.699         1.000
 C_I            0.998         0.723         0.695         1.000
 C_S            0.715         0.990         0.690         0.722         1.000
 C_Q            0.640         0.645         0.957         0.657         0.661


           Correlations
              C_Q
              ________
 C_Q            1.000


PLOT INFORMATION

The following plots are available:

  Histograms (sample values, estimated factor scores, estimated values, residuals)
  Scatterplots (sample values, estimated factor scores, estimated values, residuals)
  Sample means
  Estimated means, medians, modes, and percentiles
  Sample and estimated means
  Latent variable distribution plots
  Observed individual values
  Estimated individual values
  Estimated means and observed individual values
  Estimated means and estimated individual values
  Estimated overall and class-specific distributions

     Beginning Time:  21:54:27
        Ending Time:  21:54:40
       Elapsed Time:  00:00:13



MUTHEN & MUTHEN
3463 Stoner Ave.
Los Angeles, CA  90066

Tel: (310) 391-9971
Fax: (310) 391-8971
Web: www.StatModel.com
Support: Support@StatModel.com

Copyright (c) 1998-2019 Muthen & Muthen
